<?xml version="1.0" encoding="utf-8"?><testsuites name="pytest tests"><testsuite name="pytest" errors="0" failures="0" skipped="0" tests="1" time="9.341" timestamp="2026-09-05T22:45:54.706194+00:00" hostname="qb2-120-p11t02"><testcase classname="models.autoports.google_gemma_4_26b_a4b_it.tests.test_multichip_decoder" name="test_p150x2_proxy_real_weights_prefill_decode[blackhole-full_attention-mesh_device0-device_params0]" time="8.463"><properties><property name="start_timestamp" value="2026-09-05T22:45:55" /><property name="end_timestamp" value="2026-09-05T22:46:04" /></properties></testcase></testsuite></testsuites>
