<?xml version="1.0" encoding="utf-8"?><testsuites name="pytest tests"><testsuite name="pytest" errors="0" failures="0" skipped="0" tests="2" time="12.658" timestamp="2026-09-06T02:38:51.671933+00:00" hostname="qb2-120-p11t02"><testcase classname="models.autoports.google_gemma_4_26b_a4b_it.tests.test_multichip_decoder" name="test_p150_proxy_real_weights_prefill_decode[blackhole-full_attention-mesh_device0]" time="6.108"><properties><property name="start_timestamp" value="2026-09-06T02:38:52" /><property name="end_timestamp" value="2026-09-06T02:38:58" /></properties></testcase><testcase classname="models.autoports.google_gemma_4_26b_a4b_it.tests.test_multichip_decoder" name="test_required_profile_perf_profile[blackhole-full_attention-p150_tp1-mesh_device0-device_params0]" time="5.625"><properties><property name="start_timestamp" value="2026-09-06T02:38:58" /><property name="end_timestamp" value="2026-09-06T02:39:04" /></properties></testcase></testsuite></testsuites>
