<?xml version="1.0" encoding="utf-8"?><testsuites name="pytest tests"><testsuite name="pytest" errors="0" failures="0" skipped="0" tests="1" time="9.549" timestamp="2026-08-19T23:25:49.659452-04:00" hostname="tt-quietbox"><testcase classname="models.autoports.qwen_qwen3_6_27b.tests.test_optimized_decoder" name="test_optimized_full_attention_paged_decode_trace[blackhole-device_params0-1]" time="8.423"><properties><property name="start_timestamp" value="2026-08-19T23:25:50" /><property name="end_timestamp" value="2026-08-19T23:25:59" /></properties></testcase></testsuite></testsuites>