<?xml version="1.0" encoding="utf-8"?><testsuites name="pytest tests"><testsuite name="pytest" errors="0" failures="0" skipped="0" tests="1" time="6.993" timestamp="2026-09-06T02:56:48.851374+00:00" hostname="qb2-120-p11t02"><testcase classname="models.autoports.google_gemma_4_26b_a4b_it.tests.test_multichip_decoder" name="test_required_profile_perf_profile[blackhole-full_attention-p150_tp1-mesh_device0-device_params0]" time="6.107"><properties><property name="start_timestamp" value="2026-09-06T02:56:49" /><property name="end_timestamp" value="2026-09-06T02:56:55" /></properties></testcase></testsuite></testsuites>
