<?xml version="1.0" encoding="utf-8"?><testsuites name="pytest tests"><testsuite name="pytest" errors="0" failures="0" skipped="0" tests="2" time="15.358" timestamp="2026-09-06T00:37:00.953612+00:00" hostname="qb2-120-p11t02"><testcase classname="models.autoports.google_gemma_4_26b_a4b_it.tests.test_multichip_decoder" name="test_required_profile_perf_profile[blackhole-sliding_attention-p150_tp1-mesh_device0-device_params0]" time="7.788"><properties><property name="start_timestamp" value="2026-09-06T00:37:01" /><property name="end_timestamp" value="2026-09-06T00:37:09" /></properties></testcase><testcase classname="models.autoports.google_gemma_4_26b_a4b_it.tests.test_multichip_decoder" name="test_required_profile_perf_profile[blackhole-full_attention-p150_tp1-mesh_device0-device_params0]" time="6.662"><properties><property name="start_timestamp" value="2026-09-06T00:37:09" /><property name="end_timestamp" value="2026-09-06T00:37:16" /></properties></testcase></testsuite></testsuites>
