<?xml version="1.0" encoding="utf-8"?><testsuites name="pytest tests"><testsuite name="pytest" errors="0" failures="0" skipped="0" tests="1" time="13.062" timestamp="2026-08-19T23:23:57.335803-04:00" hostname="tt-quietbox"><testcase classname="models.autoports.qwen_qwen3_6_27b.tests.test_optimized_decoder" name="test_optimized_full_attention_non_aligned_prefill_decode[blackhole-device_params0-1]" time="11.932"><properties><property name="start_timestamp" value="2026-08-19T23:23:58" /><property name="end_timestamp" value="2026-08-19T23:24:10" /></properties></testcase></testsuite></testsuites>