<?xml version="1.0" encoding="utf-8"?><testsuites name="pytest tests"><testsuite name="pytest" errors="0" failures="0" skipped="0" tests="12" time="141.875" timestamp="2026-09-06T01:49:31.340995+00:00" hostname="qb2-120-p11t02"><testcase classname="models.autoports.google_gemma_4_26b_a4b_it.tests.test_multichip_decoder" name="test_multichip_batch32_trace_and_optimized_pcc[blackhole-sliding_attention-mesh_device0-device_params0]" time="13.375"><properties><property name="start_timestamp" value="2026-09-06T01:49:32" /><property name="end_timestamp" value="2026-09-06T01:49:45" /></properties></testcase><testcase classname="models.autoports.google_gemma_4_26b_a4b_it.tests.test_multichip_decoder" name="test_p150x2_batch32_trace_and_optimized_pcc[blackhole-sliding_attention-mesh_device0-device_params0]" time="11.000"><properties><property name="start_timestamp" value="2026-09-06T01:49:45" /><property name="end_timestamp" value="2026-09-06T01:49:56" /></properties></testcase><testcase classname="models.autoports.google_gemma_4_26b_a4b_it.tests.test_multichip_decoder" name="test_multichip_real_weights_prefill_decode[blackhole-sliding_attention-mesh_device0-device_params0]" time="9.538"><properties><property name="start_timestamp" value="2026-09-06T01:49:56" /><property name="end_timestamp" value="2026-09-06T01:50:06" /></properties></testcase><testcase classname="models.autoports.google_gemma_4_26b_a4b_it.tests.test_multichip_decoder" name="test_p150x2_proxy_real_weights_prefill_decode[blackhole-sliding_attention-mesh_device0-device_params0]" time="8.167"><properties><property name="start_timestamp" value="2026-09-06T01:50:06" /><property name="end_timestamp" value="2026-09-06T01:50:14" /></properties></testcase><testcase classname="models.autoports.google_gemma_4_26b_a4b_it.tests.test_multichip_decoder" name="test_multichip_non_aligned_prefill_and_decode_trace[blackhole-sliding_attention-mesh_device0-device_params0]" time="9.587"><properties><property name="start_timestamp" value="2026-09-06T01:50:14" /><property name="end_timestamp" value="2026-09-06T01:50:23" /></properties></testcase><testcase classname="models.autoports.google_gemma_4_26b_a4b_it.tests.test_multichip_decoder" name="test_tp2_stacked_mixed_attention_shared_persistent_ccl_trace[blackhole-mesh_device0-device_params0]" time="27.213"><properties><property name="start_timestamp" value="2026-09-06T01:50:23" /><property name="end_timestamp" value="2026-09-06T01:50:51" /></properties></testcase><testcase classname="models.autoports.google_gemma_4_26b_a4b_it.tests.test_multichip_decoder" name="test_tp4_stacked_mixed_attention_shared_persistent_ccl_trace[blackhole-mesh_device0-device_params0]" time="16.693"><properties><property name="start_timestamp" value="2026-09-06T01:50:51" /><property name="end_timestamp" value="2026-09-06T01:51:07" /></properties></testcase><testcase classname="models.autoports.google_gemma_4_26b_a4b_it.tests.test_multichip_decoder" name="test_multichip_batch32_trace_and_optimized_pcc[blackhole-full_attention-mesh_device0-device_params0]" time="10.652"><properties><property name="start_timestamp" value="2026-09-06T01:51:07" /><property name="end_timestamp" value="2026-09-06T01:51:18" /></properties></testcase><testcase classname="models.autoports.google_gemma_4_26b_a4b_it.tests.test_multichip_decoder" name="test_p150x2_batch32_trace_and_optimized_pcc[blackhole-full_attention-mesh_device0-device_params0]" time="11.464"><properties><property name="start_timestamp" value="2026-09-06T01:51:18" /><property name="end_timestamp" value="2026-09-06T01:51:29" /></properties></testcase><testcase classname="models.autoports.google_gemma_4_26b_a4b_it.tests.test_multichip_decoder" name="test_multichip_real_weights_prefill_decode[blackhole-full_attention-mesh_device0-device_params0]" time="7.460"><properties><property name="start_timestamp" value="2026-09-06T01:51:29" /><property name="end_timestamp" value="2026-09-06T01:51:37" /></properties></testcase><testcase classname="models.autoports.google_gemma_4_26b_a4b_it.tests.test_multichip_decoder" name="test_p150x2_proxy_real_weights_prefill_decode[blackhole-full_attention-mesh_device0-device_params0]" time="8.534"><properties><property name="start_timestamp" value="2026-09-06T01:51:37" /><property name="end_timestamp" value="2026-09-06T01:51:45" /></properties></testcase><testcase classname="models.autoports.google_gemma_4_26b_a4b_it.tests.test_multichip_decoder" name="test_multichip_non_aligned_prefill_and_decode_trace[blackhole-full_attention-mesh_device0-device_params0]" time="7.311"><properties><property name="start_timestamp" value="2026-09-06T01:51:45" /><property name="end_timestamp" value="2026-09-06T01:51:53" /></properties></testcase></testsuite></testsuites>
