<?xml version="1.0" encoding="utf-8"?><testsuites name="pytest tests"><testsuite name="pytest" errors="0" failures="0" skipped="0" tests="6" time="144.187" timestamp="2026-08-20T02:45:58.171225-04:00" hostname="tt-quietbox"><testcase classname="models.autoports.qwen_qwen3_6_27b.tests.test_optimized_decoder" name="test_optimized_linear_attention_non_aligned_prefill_decode[blackhole-device_params0-1]" time="57.188"><properties><property name="start_timestamp" value="2026-08-20T02:45:59" /><property name="end_timestamp" value="2026-08-20T02:46:56" /></properties></testcase><testcase classname="models.autoports.qwen_qwen3_6_27b.tests.test_optimized_decoder" name="test_optimized_full_attention_non_aligned_prefill_decode[blackhole-device_params0-1]" time="23.715"><properties><property name="start_timestamp" value="2026-08-20T02:46:56" /><property name="end_timestamp" value="2026-08-20T02:47:20" /></properties></testcase><testcase classname="models.autoports.qwen_qwen3_6_27b.tests.test_optimized_decoder" name="test_optimized_full_attention_paged_decode_trace[blackhole-device_params0-1]" time="14.961"><properties><property name="start_timestamp" value="2026-08-20T02:47:20" /><property name="end_timestamp" value="2026-08-20T02:47:35" /></properties></testcase><testcase classname="models.autoports.qwen_qwen3_6_27b.tests.test_optimized_decoder" name="test_optimized_full_attention_forced_chunked_prefill[blackhole-device_params0-1]" time="17.483"><properties><property name="start_timestamp" value="2026-08-20T02:47:35" /><property name="end_timestamp" value="2026-08-20T02:47:52" /></properties></testcase><testcase classname="models.autoports.qwen_qwen3_6_27b.tests.test_optimized_decoder" name="test_optimized_real_weight_batch32_prefill_decode[blackhole-device_params0-1-linear_attention]" time="18.489"><properties><property name="start_timestamp" value="2026-08-20T02:47:52" /><property name="end_timestamp" value="2026-08-20T02:48:11" /></properties></testcase><testcase classname="models.autoports.qwen_qwen3_6_27b.tests.test_optimized_decoder" name="test_optimized_real_weight_batch32_prefill_decode[blackhole-device_params0-1-full_attention]" time="11.223"><properties><property name="start_timestamp" value="2026-08-20T02:48:11" /><property name="end_timestamp" value="2026-08-20T02:48:22" /></properties></testcase></testsuite></testsuites>