<?xml version="1.0" encoding="utf-8"?><testsuites name="pytest tests"><testsuite name="pytest" errors="0" failures="0" skipped="0" tests="3" time="176.048" timestamp="2026-09-06T09:44:31.031288+00:00" hostname="qb2-120-p11t02"><testcase classname="models.autoports.google_gemma_4_26b_a4b_it.tests.test_full_model_contract" name="test_reduced_real_weight_full_model_probe[blackhole-p150]" time="53.828"><properties><property name="start_timestamp" value="2026-09-06T09:44:31" /><property name="end_timestamp" value="2026-09-06T09:45:25" /></properties></testcase><testcase classname="models.autoports.google_gemma_4_26b_a4b_it.tests.test_full_model_contract" name="test_reduced_real_weight_full_model_probe[blackhole-p150x2]" time="54.286"><properties><property name="start_timestamp" value="2026-09-06T09:45:25" /><property name="end_timestamp" value="2026-09-06T09:46:19" /></properties></testcase><testcase classname="models.autoports.google_gemma_4_26b_a4b_it.tests.test_full_model_contract" name="test_reduced_real_weight_full_model_probe[blackhole-p150x4]" time="67.091"><properties><property name="start_timestamp" value="2026-09-06T09:46:19" /><property name="end_timestamp" value="2026-09-06T09:47:27" /></properties></testcase></testsuite></testsuites>
