<?xml version="1.0" encoding="utf-8"?><testsuites name="pytest tests"><testsuite name="pytest" errors="0" failures="0" skipped="0" tests="6" time="130.489" timestamp="2026-08-20T00:47:01.010511-04:00" hostname="tt-quietbox"><testcase classname="models.autoports.qwen_qwen3_6_27b.tests.test_optimized_decoder" name="test_optimized_linear_attention_non_aligned_prefill_decode[blackhole-device_params0-1]" time="55.305"><properties><property name="start_timestamp" value="2026-08-20T00:47:02" /><property name="end_timestamp" value="2026-08-20T00:47:57" /></properties></testcase><testcase classname="models.autoports.qwen_qwen3_6_27b.tests.test_optimized_decoder" name="test_optimized_full_attention_non_aligned_prefill_decode[blackhole-device_params0-1]" time="21.033"><properties><property name="start_timestamp" value="2026-08-20T00:47:57" /><property name="end_timestamp" value="2026-08-20T00:48:18" /></properties></testcase><testcase classname="models.autoports.qwen_qwen3_6_27b.tests.test_optimized_decoder" name="test_optimized_full_attention_paged_decode_trace[blackhole-device_params0-1]" time="12.593"><properties><property name="start_timestamp" value="2026-08-20T00:48:18" /><property name="end_timestamp" value="2026-08-20T00:48:31" /></properties></testcase><testcase classname="models.autoports.qwen_qwen3_6_27b.tests.test_optimized_decoder" name="test_optimized_full_attention_forced_chunked_prefill[blackhole-device_params0-1]" time="15.252"><properties><property name="start_timestamp" value="2026-08-20T00:48:31" /><property name="end_timestamp" value="2026-08-20T00:48:46" /></properties></testcase><testcase classname="models.autoports.qwen_qwen3_6_27b.tests.test_optimized_decoder" name="test_optimized_real_weight_batch32_prefill_decode[blackhole-device_params0-1-linear_attention]" time="16.360"><properties><property name="start_timestamp" value="2026-08-20T00:48:46" /><property name="end_timestamp" value="2026-08-20T00:49:02" /></properties></testcase><testcase classname="models.autoports.qwen_qwen3_6_27b.tests.test_optimized_decoder" name="test_optimized_real_weight_batch32_prefill_decode[blackhole-device_params0-1-full_attention]" time="8.815"><properties><property name="start_timestamp" value="2026-08-20T00:49:02" /><property name="end_timestamp" value="2026-08-20T00:49:11" /></properties></testcase></testsuite></testsuites>