<?xml version="1.0" encoding="utf-8"?><testsuites name="pytest tests"><testsuite name="pytest" errors="0" failures="0" skipped="0" tests="4" time="94.633" timestamp="2026-08-19T18:06:27.719667-04:00" hostname="tt-quietbox"><testcase classname="models.autoports.qwen_qwen3_6_27b.tests.test_functional_decoder" name="test_full_attention_real_weight_forced_chunked_prefill_pcc[blackhole-device_params0-1]" time="9.848"><properties><property name="start_timestamp" value="2026-08-19T18:06:28" /><property name="end_timestamp" value="2026-08-19T18:06:38" /></properties></testcase><testcase classname="models.autoports.qwen_qwen3_6_27b.tests.test_functional_decoder" name="test_full_attention_advertised_context_prefill[blackhole-non_aligned_long-device_params0-1]" time="8.332"><properties><property name="start_timestamp" value="2026-08-19T18:06:38" /><property name="end_timestamp" value="2026-08-19T18:06:47" /></properties></testcase><testcase classname="models.autoports.qwen_qwen3_6_27b.tests.test_functional_decoder" name="test_full_attention_advertised_context_decode[blackhole-device_params0-1]" time="3.456"><properties><property name="start_timestamp" value="2026-08-19T18:06:47" /><property name="end_timestamp" value="2026-08-19T18:06:50" /></properties></testcase><testcase classname="models.autoports.qwen_qwen3_6_27b.tests.test_functional_decoder" name="test_full_attention_advertised_context_prefill[blackhole-native_max-device_params0-1]" time="71.869"><properties><property name="start_timestamp" value="2026-08-19T18:06:50" /><property name="end_timestamp" value="2026-08-19T18:08:02" /></properties></testcase></testsuite></testsuites>