<?xml version="1.0" encoding="utf-8"?><testsuites name="pytest tests"><testsuite name="pytest" errors="0" failures="0" skipped="0" tests="4" time="40.917" timestamp="2026-09-06T00:22:00.636420+00:00" hostname="qb2-120-p11t02"><testcase classname="models.autoports.google_gemma_4_26b_a4b_it.tests.test_multichip_decoder" name="test_multichip_real_weights_prefill_decode[blackhole-sliding_attention-mesh_device0-device_params0]" time="13.239"><properties><property name="start_timestamp" value="2026-09-06T00:22:01" /><property name="end_timestamp" value="2026-09-06T00:22:14" /></properties></testcase><testcase classname="models.autoports.google_gemma_4_26b_a4b_it.tests.test_multichip_decoder" name="test_p150x2_proxy_real_weights_prefill_decode[blackhole-sliding_attention-mesh_device0-device_params0]" time="9.839"><properties><property name="start_timestamp" value="2026-09-06T00:22:14" /><property name="end_timestamp" value="2026-09-06T00:22:24" /></properties></testcase><testcase classname="models.autoports.google_gemma_4_26b_a4b_it.tests.test_multichip_decoder" name="test_multichip_real_weights_prefill_decode[blackhole-full_attention-mesh_device0-device_params0]" time="7.085"><properties><property name="start_timestamp" value="2026-09-06T00:22:24" /><property name="end_timestamp" value="2026-09-06T00:22:31" /></properties></testcase><testcase classname="models.autoports.google_gemma_4_26b_a4b_it.tests.test_multichip_decoder" name="test_p150x2_proxy_real_weights_prefill_decode[blackhole-full_attention-mesh_device0-device_params0]" time="9.862"><properties><property name="start_timestamp" value="2026-09-06T00:22:31" /><property name="end_timestamp" value="2026-09-06T00:22:41" /></properties></testcase></testsuite></testsuites>
