<?xml version="1.0" encoding="utf-8"?><testsuites name="pytest tests"><testsuite name="pytest" errors="0" failures="0" skipped="0" tests="1" time="74.310" timestamp="2026-09-06T11:51:16.089260+00:00" hostname="qb2-120-p11t02"><testcase classname="models.autoports.google_gemma_4_26b_a4b_it.tests.test_full_model_contract" name="test_reduced_real_weight_full_model_probe[blackhole-p150x4]" time="73.690"><properties><property name="start_timestamp" value="2026-09-06T11:51:16" /><property name="end_timestamp" value="2026-09-06T11:52:30" /></properties></testcase></testsuite></testsuites>
