<?xml version="1.0" encoding="utf-8"?><testsuites name="pytest tests"><testsuite name="pytest" errors="0" failures="0" skipped="0" tests="1" time="74.361" timestamp="2026-08-20T16:58:28.770874-04:00" hostname="tt-quietbox"><testcase classname="models.autoports.qwen_qwen3_6_27b.tests.test_full_model" name="test_reduced_token_out_latency_breakdown[blackhole-device_params0-4]" time="73.451"><properties><property name="start_timestamp" value="2026-08-20T16:58:29" /><property name="end_timestamp" value="2026-08-20T16:59:43" /></properties></testcase></testsuite></testsuites>