<?xml version="1.0" encoding="utf-8"?><testsuites name="pytest tests"><testsuite name="pytest" errors="0" failures="0" skipped="0" tests="1" time="326.703" timestamp="2026-08-28T10:50:12.034051-04:00" hostname="tt-quietbox"><testcase classname="models.autoports.qwen_qwen3_8_flash_next.tests.test_full_model" name="test_full_model_datatype_sweep_candidate[blackhole-True-device_params0]" time="326.618"><properties><property name="start_timestamp" value="2026-08-28T10:50:12" /><property name="source_digest_algorithm" value="sha256" /><property name="source_digest" value="8e1a9cf08fa18531087c5d4dd120b3a74458784925bc02de899b9975abe75b72" /><property name="source_digest_files" value="{&quot;tests/test_full_model.py&quot;: &quot;bfdde9a1a82a03aee121051999761e60b80a86d4424a04f8c3da84bb08c71546&quot;, &quot;tt/functional_decoder.py&quot;: &quot;79cdc5a47e0eb2985edb030d19a9e345bcc7f89142baae7fc74de510e4066bcd&quot;, &quot;tt/generator.py&quot;: &quot;5d2f231eb605b7aeeea05ef0547c4778003a807320d54cc52a39fbe4267398e9&quot;, &quot;tt/host_weight_cache.py&quot;: &quot;1bc3e1253f2133b794fcd1227b73eb8c678f1487ca4f3d19104f57d5fa9d60b8&quot;, &quot;tt/model.py&quot;: &quot;86fb3dbae1311175470771a7a1527d2fd591f2c35316f94a95c5ce40c4d02699&quot;, &quot;tt/multichip_decoder.py&quot;: &quot;2ff2c835292384e2525778346518a635f66e6ca022d0244221ee7d4e6d0d7406&quot;, &quot;tt/optimized_decoder.py&quot;: &quot;694c6ef6eba0e942a994160935ec8db6ecd3a1e742a6b63740d1b708d8fcbc20&quot;, &quot;tt/precision_config.py&quot;: &quot;61099968031e4af5419aed8f1d939c8ac9c8d73b2140f1258d066c6985ae80d6&quot;}" /><property name="top1_percent" value="91.91918969154358" /><property name="top5_percent" value="100.0" /><property name="top100_percent" value="100.0" /><property name="ttft_seconds" value="12.90318925199972" /><property name="config_id" value="qsa_bfp8_hifi2_shared_bfp8_hifi2_lm_head_bf16_hifi2" /><property name="traced" value="True" /><property name="model_only_trace_replays" value="98" /><property name="decode_tokens_per_second_per_user" value="4.344963517439191" /><property name="end_timestamp" value="2026-08-28T10:55:38" /></properties></testcase></testsuite></testsuites>