<?xml version="1.0" encoding="utf-8"?><testsuites name="pytest tests"><testsuite name="pytest" errors="0" failures="0" skipped="0" tests="12" time="175.932" timestamp="2026-09-06T00:48:01.379751+00:00" hostname="qb2-120-p11t02"><testcase classname="models.autoports.google_gemma_4_26b_a4b_it.tests.test_multichip_decoder" name="test_p150x2_proxy_real_weights_prefill_decode[blackhole-sliding_attention-mesh_device0-device_params0]" time="10.789"><properties><property name="start_timestamp" value="2026-09-06T00:48:02" /><property name="end_timestamp" value="2026-09-06T00:48:13" /></properties></testcase><testcase classname="models.autoports.google_gemma_4_26b_a4b_it.tests.test_multichip_decoder" name="test_multichip_real_weights_prefill_decode[blackhole-sliding_attention-mesh_device0-device_params0]" time="10.907"><properties><property name="start_timestamp" value="2026-09-06T00:48:13" /><property name="end_timestamp" value="2026-09-06T00:48:23" /></properties></testcase><testcase classname="models.autoports.google_gemma_4_26b_a4b_it.tests.test_multichip_decoder" name="test_p150x2_batch32_trace_and_optimized_pcc[blackhole-sliding_attention-mesh_device0-device_params0]" time="17.145"><properties><property name="start_timestamp" value="2026-09-06T00:48:23" /><property name="end_timestamp" value="2026-09-06T00:48:41" /></properties></testcase><testcase classname="models.autoports.google_gemma_4_26b_a4b_it.tests.test_multichip_decoder" name="test_multichip_batch32_trace_and_optimized_pcc[blackhole-sliding_attention-mesh_device0-device_params0]" time="13.536"><properties><property name="start_timestamp" value="2026-09-06T00:48:41" /><property name="end_timestamp" value="2026-09-06T00:48:54" /></properties></testcase><testcase classname="models.autoports.google_gemma_4_26b_a4b_it.tests.test_multichip_decoder" name="test_multichip_non_aligned_prefill_and_decode_trace[blackhole-sliding_attention-mesh_device0-device_params0]" time="9.596"><properties><property name="start_timestamp" value="2026-09-06T00:48:54" /><property name="end_timestamp" value="2026-09-06T00:49:04" /></properties></testcase><testcase classname="models.autoports.google_gemma_4_26b_a4b_it.tests.test_multichip_decoder" name="test_tp2_stacked_mixed_attention_shared_persistent_ccl_trace[blackhole-mesh_device0-device_params0]" time="48.903"><properties><property name="start_timestamp" value="2026-09-06T00:49:04" /><property name="end_timestamp" value="2026-09-06T00:49:53" /></properties></testcase><testcase classname="models.autoports.google_gemma_4_26b_a4b_it.tests.test_multichip_decoder" name="test_tp4_stacked_mixed_attention_shared_persistent_ccl_trace[blackhole-mesh_device0-device_params0]" time="16.385"><properties><property name="start_timestamp" value="2026-09-06T00:49:53" /><property name="end_timestamp" value="2026-09-06T00:50:09" /></properties></testcase><testcase classname="models.autoports.google_gemma_4_26b_a4b_it.tests.test_multichip_decoder" name="test_p150x2_proxy_real_weights_prefill_decode[blackhole-full_attention-mesh_device0-device_params0]" time="8.893"><properties><property name="start_timestamp" value="2026-09-06T00:50:09" /><property name="end_timestamp" value="2026-09-06T00:50:18" /></properties></testcase><testcase classname="models.autoports.google_gemma_4_26b_a4b_it.tests.test_multichip_decoder" name="test_multichip_real_weights_prefill_decode[blackhole-full_attention-mesh_device0-device_params0]" time="7.503"><properties><property name="start_timestamp" value="2026-09-06T00:50:18" /><property name="end_timestamp" value="2026-09-06T00:50:25" /></properties></testcase><testcase classname="models.autoports.google_gemma_4_26b_a4b_it.tests.test_multichip_decoder" name="test_p150x2_batch32_trace_and_optimized_pcc[blackhole-full_attention-mesh_device0-device_params0]" time="12.771"><properties><property name="start_timestamp" value="2026-09-06T00:50:25" /><property name="end_timestamp" value="2026-09-06T00:50:38" /></properties></testcase><testcase classname="models.autoports.google_gemma_4_26b_a4b_it.tests.test_multichip_decoder" name="test_multichip_batch32_trace_and_optimized_pcc[blackhole-full_attention-mesh_device0-device_params0]" time="11.094"><properties><property name="start_timestamp" value="2026-09-06T00:50:38" /><property name="end_timestamp" value="2026-09-06T00:50:49" /></properties></testcase><testcase classname="models.autoports.google_gemma_4_26b_a4b_it.tests.test_multichip_decoder" name="test_multichip_non_aligned_prefill_and_decode_trace[blackhole-full_attention-mesh_device0-device_params0]" time="7.521"><properties><property name="start_timestamp" value="2026-09-06T00:50:49" /><property name="end_timestamp" value="2026-09-06T00:50:57" /></properties></testcase></testsuite></testsuites>
