<?xml version="1.0" encoding="utf-8"?><testsuites name="pytest tests"><testsuite name="pytest" errors="0" failures="0" skipped="0" tests="1" time="1.010" timestamp="2026-08-20T20:57:24.038796-04:00" hostname="tt-quietbox"><testcase classname="models.autoports.qwen_qwen3_6_27b.tests.test_full_model" name="test_full_model_static_contracts" time="0.148"><properties><property name="start_timestamp" value="2026-08-20T20:57:24" /><property name="end_timestamp" value="2026-08-20T20:57:25" /></properties></testcase></testsuite></testsuites>