<?xml version="1.0" encoding="utf-8"?><testsuites name="pytest tests"><testsuite name="pytest" errors="0" failures="0" skipped="0" tests="19" time="3.077" timestamp="2026-08-20T20:57:17.986948-04:00" hostname="tt-quietbox"><testcase classname="models.autoports.qwen_qwen3_6_27b.tests.test_precision_policy" name="test_default_selected_policy_is_complete" time="0.141"><properties><property name="start_timestamp" value="2026-08-20T20:57:18" /><property name="end_timestamp" value="2026-08-20T20:57:18" /></properties></testcase><testcase classname="models.autoports.qwen_qwen3_6_27b.tests.test_precision_policy" name="test_environment_override_and_base_config_are_consumed" time="0.120"><properties><property name="start_timestamp" value="2026-08-20T20:57:18" /><property name="end_timestamp" value="2026-08-20T20:57:19" /></properties></testcase><testcase classname="models.autoports.qwen_qwen3_6_27b.tests.test_precision_policy" name="test_unsupported_runtime_fields_are_rejected[activation_residual-activations-bfp8-activation_residual.activations]" time="0.120"><properties><property name="start_timestamp" value="2026-08-20T20:57:19" /><property name="end_timestamp" value="2026-08-20T20:57:19" /></properties></testcase><testcase classname="models.autoports.qwen_qwen3_6_27b.tests.test_precision_policy" name="test_unsupported_runtime_fields_are_rejected[logits_sampling-sampling_dtype-bfp8-logits_sampling.sampling_dtype]" time="0.126"><properties><property name="start_timestamp" value="2026-08-20T20:57:19" /><property name="end_timestamp" value="2026-08-20T20:57:19" /></properties></testcase><testcase classname="models.autoports.qwen_qwen3_6_27b.tests.test_precision_policy" name="test_unsupported_runtime_fields_are_rejected[kv_cache-dtype-bfp4-kv_cache.dtype]" time="0.121"><properties><property name="start_timestamp" value="2026-08-20T20:57:19" /><property name="end_timestamp" value="2026-08-20T20:57:19" /></properties></testcase><testcase classname="models.autoports.qwen_qwen3_6_27b.tests.test_precision_policy" name="test_unsupported_runtime_fields_are_rejected[kv_cache-dtype-BFP8-canonical lowercase]" time="0.118"><properties><property name="start_timestamp" value="2026-08-20T20:57:19" /><property name="end_timestamp" value="2026-08-20T20:57:19" /></properties></testcase><testcase classname="models.autoports.qwen_qwen3_6_27b.tests.test_precision_policy" name="test_unsupported_runtime_fields_are_rejected[ccl-linear_attention_mlp-BfP8-canonical lowercase]" time="0.119"><properties><property name="start_timestamp" value="2026-08-20T20:57:19" /><property name="end_timestamp" value="2026-08-20T20:57:19" /></properties></testcase><testcase classname="models.autoports.qwen_qwen3_6_27b.tests.test_precision_policy" name="test_unsupported_runtime_fields_are_rejected[kv_cache-layout-row_major-kv_cache.layout]" time="0.119"><properties><property name="start_timestamp" value="2026-08-20T20:57:19" /><property name="end_timestamp" value="2026-08-20T20:57:19" /></properties></testcase><testcase classname="models.autoports.qwen_qwen3_6_27b.tests.test_precision_policy" name="test_unsupported_runtime_fields_are_rejected[kv_cache-page_block_size-32-kv_cache.page_block_size]" time="0.120"><properties><property name="start_timestamp" value="2026-08-20T20:57:19" /><property name="end_timestamp" value="2026-08-20T20:57:19" /></properties></testcase><testcase classname="models.autoports.qwen_qwen3_6_27b.tests.test_precision_policy" name="test_unknown_root_and_nested_fields_are_rejected[&lt;lambda&gt;-root keys]" time="0.119"><properties><property name="start_timestamp" value="2026-08-20T20:57:19" /><property name="end_timestamp" value="2026-08-20T20:57:19" /></properties></testcase><testcase classname="models.autoports.qwen_qwen3_6_27b.tests.test_precision_policy" name="test_unknown_root_and_nested_fields_are_rejected[&lt;lambda&gt;-weight_groups.mlp_down keys]" time="0.119"><properties><property name="start_timestamp" value="2026-08-20T20:57:19" /><property name="end_timestamp" value="2026-08-20T20:57:20" /></properties></testcase><testcase classname="models.autoports.qwen_qwen3_6_27b.tests.test_precision_policy" name="test_unknown_root_and_nested_fields_are_rejected[&lt;lambda&gt;-compute_fidelities.mlp_down keys]" time="0.118"><properties><property name="start_timestamp" value="2026-08-20T20:57:20" /><property name="end_timestamp" value="2026-08-20T20:57:20" /></properties></testcase><testcase classname="models.common.readiness_check.test_run_prefill_check" name="test_cli_forwards_machine_readable_output_and_runtime_metadata" time="0.127"><properties><property name="start_timestamp" value="2026-08-20T20:57:20" /><property name="end_timestamp" value="2026-08-20T20:57:20" /></properties></testcase><testcase classname="models.common.readiness_check.test_run_teacher_forcing" name="test_run_one_entry_scores_full_teacher_forcing_run" time="0.120"><properties><property name="start_timestamp" value="2026-08-20T20:57:20" /><property name="end_timestamp" value="2026-08-20T20:57:20" /></properties></testcase><testcase classname="models.common.readiness_check.test_run_teacher_forcing" name="test_run_one_entry_fails_when_generate_stops_before_reference_length" time="0.122"><properties><property name="start_timestamp" value="2026-08-20T20:57:20" /><property name="end_timestamp" value="2026-08-20T20:57:20" /></properties></testcase><testcase classname="models.common.readiness_check.test_run_teacher_forcing" name="test_run_one_entry_fails_when_generate_never_calls_next_input" time="0.119"><properties><property name="start_timestamp" value="2026-08-20T20:57:20" /><property name="end_timestamp" value="2026-08-20T20:57:20" /></properties></testcase><testcase classname="models.common.readiness_check.test_run_teacher_forcing" name="test_perf_stats_separate_trace_capture_from_warmed_replay" time="0.119"><properties><property name="start_timestamp" value="2026-08-20T20:57:20" /><property name="end_timestamp" value="2026-08-20T20:57:20" /></properties></testcase><testcase classname="models.common.readiness_check.test_run_teacher_forcing" name="test_run_teacher_forcing_warms_and_resets_before_measured_pass" time="0.119"><properties><property name="start_timestamp" value="2026-08-20T20:57:20" /><property name="end_timestamp" value="2026-08-20T20:57:20" /></properties></testcase><testcase classname="models.common.readiness_check.test_run_teacher_forcing" name="test_cli_forwards_machine_readable_output_and_runtime_metadata" time="0.119"><properties><property name="start_timestamp" value="2026-08-20T20:57:20" /><property name="end_timestamp" value="2026-08-20T20:57:21" /></properties></testcase></testsuite></testsuites>