<?xml version="1.0" encoding="utf-8"?><testsuites name="pytest tests"><testsuite name="pytest" errors="0" failures="0" skipped="0" tests="1" time="7.374" timestamp="2026-09-06T03:04:40.071249+00:00" hostname="qb2-120-p11t02"><testcase classname="models.autoports.google_gemma_4_26b_a4b_it.tests.test_multichip_decoder" name="test_capture_optimized_batch32_reference[blackhole-sliding_attention-mesh_device0-device_params0]" time="6.487"><properties><property name="start_timestamp" value="2026-09-06T03:04:40" /><property name="end_timestamp" value="2026-09-06T03:04:47" /></properties></testcase></testsuite></testsuites>
