<?xml version="1.0" encoding="utf-8"?><testsuites name="pytest tests"><testsuite name="pytest" errors="0" failures="0" skipped="0" tests="1" time="7.418" timestamp="2026-09-06T03:04:52.101106+00:00" hostname="qb2-120-p11t02"><testcase classname="models.autoports.google_gemma_4_26b_a4b_it.tests.test_multichip_decoder" name="test_capture_optimized_batch32_reference[blackhole-full_attention-mesh_device0-device_params0]" time="6.534"><properties><property name="start_timestamp" value="2026-09-06T03:04:52" /><property name="end_timestamp" value="2026-09-06T03:04:59" /></properties></testcase></testsuite></testsuites>
