<?xml version="1.0" encoding="utf-8"?><testsuites name="pytest tests"><testsuite name="pytest" errors="0" failures="0" skipped="0" tests="1" time="8.881" timestamp="2026-09-06T01:47:01.361023+00:00" hostname="qb2-120-p11t02"><testcase classname="models.autoports.google_gemma_4_26b_a4b_it.tests.test_multichip_decoder" name="test_multichip_batch32_trace_and_optimized_pcc[blackhole-full_attention-mesh_device0-device_params0]" time="7.999"><properties><property name="start_timestamp" value="2026-09-06T01:47:02" /><property name="end_timestamp" value="2026-09-06T01:47:10" /></properties></testcase></testsuite></testsuites>
