<?xml version="1.0" encoding="utf-8"?><testsuites name="pytest tests"><testsuite name="pytest" errors="0" failures="0" skipped="0" tests="2" time="13.288" timestamp="2026-09-06T03:04:00.190981+00:00" hostname="qb2-120-p11t02"><testcase classname="models.autoports.google_gemma_4_26b_a4b_it.tests.test_multichip_decoder" name="test_multichip_real_weights_prefill_decode[blackhole-sliding_attention-mesh_device0-device_params0]" time="7.363"><properties><property name="start_timestamp" value="2026-09-06T03:04:01" /><property name="end_timestamp" value="2026-09-06T03:04:08" /></properties></testcase><testcase classname="models.autoports.google_gemma_4_26b_a4b_it.tests.test_multichip_decoder" name="test_multichip_real_weights_prefill_decode[blackhole-full_attention-mesh_device0-device_params0]" time="5.046"><properties><property name="start_timestamp" value="2026-09-06T03:04:08" /><property name="end_timestamp" value="2026-09-06T03:04:13" /></properties></testcase></testsuite></testsuites>
