<?xml version="1.0" encoding="utf-8"?><testsuites name="pytest tests"><testsuite name="pytest" errors="0" failures="0" skipped="0" tests="6" time="108.188" timestamp="2026-08-19T22:42:03.693909-04:00" hostname="tt-quietbox"><testcase classname="models.autoports.qwen_qwen3_6_27b.tests.test_optimized_decoder" name="test_optimized_linear_attention_non_aligned_prefill_decode[blackhole-device_params0-1]" time="49.505"><properties><property name="start_timestamp" value="2026-08-19T22:42:04" /><property name="end_timestamp" value="2026-08-19T22:42:54" /></properties></testcase><testcase classname="models.autoports.qwen_qwen3_6_27b.tests.test_optimized_decoder" name="test_optimized_full_attention_non_aligned_prefill_decode[blackhole-device_params0-1]" time="17.604"><properties><property name="start_timestamp" value="2026-08-19T22:42:54" /><property name="end_timestamp" value="2026-08-19T22:43:11" /></properties></testcase><testcase classname="models.autoports.qwen_qwen3_6_27b.tests.test_optimized_decoder" name="test_optimized_full_attention_paged_decode_trace[blackhole-device_params0-1]" time="8.689"><properties><property name="start_timestamp" value="2026-08-19T22:43:11" /><property name="end_timestamp" value="2026-08-19T22:43:20" /></properties></testcase><testcase classname="models.autoports.qwen_qwen3_6_27b.tests.test_optimized_decoder" name="test_optimized_full_attention_forced_chunked_prefill[blackhole-device_params0-1]" time="11.682"><properties><property name="start_timestamp" value="2026-08-19T22:43:20" /><property name="end_timestamp" value="2026-08-19T22:43:32" /></properties></testcase><testcase classname="models.autoports.qwen_qwen3_6_27b.tests.test_optimized_decoder" name="test_optimized_real_weight_batch32_prefill_decode[blackhole-device_params0-1-linear_attention]" time="13.752"><properties><property name="start_timestamp" value="2026-08-19T22:43:32" /><property name="end_timestamp" value="2026-08-19T22:43:46" /></properties></testcase><testcase classname="models.autoports.qwen_qwen3_6_27b.tests.test_optimized_decoder" name="test_optimized_real_weight_batch32_prefill_decode[blackhole-device_params0-1-full_attention]" time="5.781"><properties><property name="start_timestamp" value="2026-08-19T22:43:46" /><property name="end_timestamp" value="2026-08-19T22:43:51" /></properties></testcase></testsuite></testsuites>