<?xml version="1.0" encoding="utf-8"?><testsuites name="pytest tests"><testsuite name="pytest" errors="0" failures="0" skipped="0" tests="3" time="191.893" timestamp="2026-09-06T12:55:53.956602+00:00" hostname="qb2-120-p11t02"><testcase classname="models.autoports.google_gemma_4_26b_a4b_it.tests.test_full_model_contract" name="test_reduced_real_weight_full_model_probe[blackhole-p150]" time="59.206"><properties><property name="start_timestamp" value="2026-09-06T12:55:54" /><property name="end_timestamp" value="2026-09-06T12:56:54" /></properties></testcase><testcase classname="models.autoports.google_gemma_4_26b_a4b_it.tests.test_full_model_contract" name="test_reduced_real_weight_full_model_probe[blackhole-p150x2]" time="59.883"><properties><property name="start_timestamp" value="2026-09-06T12:56:54" /><property name="end_timestamp" value="2026-09-06T12:57:53" /></properties></testcase><testcase classname="models.autoports.google_gemma_4_26b_a4b_it.tests.test_full_model_contract" name="test_reduced_real_weight_full_model_probe[blackhole-p150x4]" time="71.960"><properties><property name="start_timestamp" value="2026-09-06T12:57:53" /><property name="end_timestamp" value="2026-09-06T12:59:05" /></properties></testcase></testsuite></testsuites>
