<?xml version="1.0" encoding="utf-8"?><testsuites name="pytest tests"><testsuite name="pytest" errors="0" failures="0" skipped="0" tests="24" time="593.185" timestamp="2026-08-19T17:50:08.432207-04:00" hostname="tt-quietbox"><testcase classname="models.autoports.qwen_qwen3_6_27b.tests.test_functional_decoder" name="test_real_config_layer_kinds[0-linear_attention]" time="0.144"><properties><property name="start_timestamp" value="2026-08-19T17:50:09" /><property name="end_timestamp" value="2026-08-19T17:50:09" /></properties></testcase><testcase classname="models.autoports.qwen_qwen3_6_27b.tests.test_functional_decoder" name="test_real_config_layer_kinds[3-full_attention]" time="0.127"><properties><property name="start_timestamp" value="2026-08-19T17:50:09" /><property name="end_timestamp" value="2026-08-19T17:50:09" /></properties></testcase><testcase classname="models.autoports.qwen_qwen3_6_27b.tests.test_functional_decoder" name="test_full_attention_real_weight_paged_prefill[blackhole-1-device_params0-1]" time="18.796"><properties><property name="start_timestamp" value="2026-08-19T17:50:09" /><property name="end_timestamp" value="2026-08-19T17:50:28" /></properties></testcase><testcase classname="models.autoports.qwen_qwen3_6_27b.tests.test_functional_decoder" name="test_full_attention_real_weight_paged_decode_trace[blackhole-device_params0-1]" time="3.054"><properties><property name="start_timestamp" value="2026-08-19T17:50:28" /><property name="end_timestamp" value="2026-08-19T17:50:31" /></properties></testcase><testcase classname="models.autoports.qwen_qwen3_6_27b.tests.test_functional_decoder" name="test_linear_attention_real_weight_prefill_and_decode[blackhole-1-device_params0-1]" time="29.005"><properties><property name="start_timestamp" value="2026-08-19T17:50:31" /><property name="end_timestamp" value="2026-08-19T17:51:00" /></properties></testcase><testcase classname="models.autoports.qwen_qwen3_6_27b.tests.test_functional_decoder" name="test_linear_attention_real_weight_multi_user_prefill_and_decode[blackhole-device_params0-1]" time="19.483"><properties><property name="start_timestamp" value="2026-08-19T17:51:00" /><property name="end_timestamp" value="2026-08-19T17:51:20" /></properties></testcase><testcase classname="models.autoports.qwen_qwen3_6_27b.tests.test_functional_decoder" name="test_full_attention_real_weight_multi_user_paged_prefill_and_decode[blackhole-device_params0-1]" time="5.123"><properties><property name="start_timestamp" value="2026-08-19T17:51:20" /><property name="end_timestamp" value="2026-08-19T17:51:25" /></properties></testcase><testcase classname="models.autoports.qwen_qwen3_6_27b.tests.test_functional_decoder" name="test_full_attention_advertised_context_prefill[blackhole-device_params0-1]" time="81.911"><properties><property name="start_timestamp" value="2026-08-19T17:51:25" /><property name="end_timestamp" value="2026-08-19T17:52:47" /></properties></testcase><testcase classname="models.autoports.qwen_qwen3_6_27b.tests.test_functional_decoder" name="test_full_attention_advertised_context_decode[blackhole-device_params0-1]" time="4.662"><properties><property name="start_timestamp" value="2026-08-19T17:52:47" /><property name="end_timestamp" value="2026-08-19T17:52:51" /></properties></testcase><testcase classname="models.autoports.qwen_qwen3_6_27b.tests.test_functional_decoder" name="test_linear_attention_advertised_context_prefill[blackhole-device_params0-1]" time="191.395"><properties><property name="start_timestamp" value="2026-08-19T17:52:51" /><property name="end_timestamp" value="2026-08-19T17:56:03" /></properties></testcase><testcase classname="models.autoports.qwen_qwen3_6_27b.tests.test_functional_decoder" name="test_linear_attention_advertised_context_decode[blackhole-device_params0-1]" time="196.145"><properties><property name="start_timestamp" value="2026-08-19T17:56:03" /><property name="end_timestamp" value="2026-08-19T17:59:19" /></properties></testcase><testcase classname="models.autoports.qwen_qwen3_6_27b.tests.test_functional_decoder" name="test_full_attention_real_weight_paged_prefill[blackhole-31-device_params0-1]" time="2.924"><properties><property name="start_timestamp" value="2026-08-19T17:59:19" /><property name="end_timestamp" value="2026-08-19T17:59:22" /></properties></testcase><testcase classname="models.autoports.qwen_qwen3_6_27b.tests.test_functional_decoder" name="test_linear_attention_real_weight_prefill_and_decode[blackhole-31-device_params0-1]" time="5.726"><properties><property name="start_timestamp" value="2026-08-19T17:59:22" /><property name="end_timestamp" value="2026-08-19T17:59:28" /></properties></testcase><testcase classname="models.autoports.qwen_qwen3_6_27b.tests.test_functional_decoder" name="test_full_attention_real_weight_paged_prefill[blackhole-32-device_params0-1]" time="1.917"><properties><property name="start_timestamp" value="2026-08-19T17:59:28" /><property name="end_timestamp" value="2026-08-19T17:59:29" /></properties></testcase><testcase classname="models.autoports.qwen_qwen3_6_27b.tests.test_functional_decoder" name="test_linear_attention_real_weight_prefill_and_decode[blackhole-32-device_params0-1]" time="5.192"><properties><property name="start_timestamp" value="2026-08-19T17:59:29" /><property name="end_timestamp" value="2026-08-19T17:59:35" /></properties></testcase><testcase classname="models.autoports.qwen_qwen3_6_27b.tests.test_functional_decoder" name="test_full_attention_real_weight_paged_prefill[blackhole-33-device_params0-1]" time="3.695"><properties><property name="start_timestamp" value="2026-08-19T17:59:35" /><property name="end_timestamp" value="2026-08-19T17:59:38" /></properties></testcase><testcase classname="models.autoports.qwen_qwen3_6_27b.tests.test_functional_decoder" name="test_linear_attention_real_weight_prefill_and_decode[blackhole-33-device_params0-1]" time="5.743"><properties><property name="start_timestamp" value="2026-08-19T17:59:38" /><property name="end_timestamp" value="2026-08-19T17:59:44" /></properties></testcase><testcase classname="models.autoports.qwen_qwen3_6_27b.tests.test_functional_decoder" name="test_full_attention_real_weight_paged_prefill[blackhole-63-device_params0-1]" time="1.936"><properties><property name="start_timestamp" value="2026-08-19T17:59:44" /><property name="end_timestamp" value="2026-08-19T17:59:46" /></properties></testcase><testcase classname="models.autoports.qwen_qwen3_6_27b.tests.test_functional_decoder" name="test_linear_attention_real_weight_prefill_and_decode[blackhole-63-device_params0-1]" time="2.038"><properties><property name="start_timestamp" value="2026-08-19T17:59:46" /><property name="end_timestamp" value="2026-08-19T17:59:48" /></properties></testcase><testcase classname="models.autoports.qwen_qwen3_6_27b.tests.test_functional_decoder" name="test_full_attention_real_weight_paged_prefill[blackhole-64-device_params0-1]" time="1.951"><properties><property name="start_timestamp" value="2026-08-19T17:59:48" /><property name="end_timestamp" value="2026-08-19T17:59:50" /></properties></testcase><testcase classname="models.autoports.qwen_qwen3_6_27b.tests.test_functional_decoder" name="test_linear_attention_real_weight_prefill_and_decode[blackhole-64-device_params0-1]" time="2.139"><properties><property name="start_timestamp" value="2026-08-19T17:59:50" /><property name="end_timestamp" value="2026-08-19T17:59:52" /></properties></testcase><testcase classname="models.autoports.qwen_qwen3_6_27b.tests.test_functional_decoder" name="test_full_attention_real_weight_paged_prefill[blackhole-65-device_params0-1]" time="5.960"><properties><property name="start_timestamp" value="2026-08-19T17:59:52" /><property name="end_timestamp" value="2026-08-19T17:59:58" /></properties></testcase><testcase classname="models.autoports.qwen_qwen3_6_27b.tests.test_functional_decoder" name="test_linear_attention_real_weight_prefill_and_decode[blackhole-65-device_params0-1]" time="2.825"><properties><property name="start_timestamp" value="2026-08-19T17:59:58" /><property name="end_timestamp" value="2026-08-19T18:00:01" /></properties></testcase><testcase classname="models.autoports.qwen_qwen3_6_27b.tests.test_functional_decoder" name="test_functional_contract_boundary_matrix_and_fallback_audit" time="0.167"><properties><property name="start_timestamp" value="2026-08-19T18:00:01" /><property name="end_timestamp" value="2026-08-19T18:00:01" /></properties></testcase></testsuite></testsuites>