<?xml version="1.0" encoding="utf-8"?><testsuites name="pytest tests"><testsuite name="pytest" errors="0" failures="0" skipped="0" tests="2" time="15.874" timestamp="2026-09-06T00:39:01.954789+00:00" hostname="qb2-120-p11t02"><testcase classname="models.autoports.google_gemma_4_26b_a4b_it.tests.test_multichip_decoder" name="test_p150_proxy_matches_optimized_single_chip[blackhole-sliding_attention-mesh_device0]" time="8.367"><properties><property name="start_timestamp" value="2026-09-06T00:39:02" /><property name="end_timestamp" value="2026-09-06T00:39:11" /></properties></testcase><testcase classname="models.autoports.google_gemma_4_26b_a4b_it.tests.test_multichip_decoder" name="test_p150_proxy_matches_optimized_single_chip[blackhole-full_attention-mesh_device0]" time="6.597"><properties><property name="start_timestamp" value="2026-09-06T00:39:11" /><property name="end_timestamp" value="2026-09-06T00:39:17" /></properties></testcase></testsuite></testsuites>
