<?xml version="1.0" encoding="utf-8"?><testsuites name="pytest tests"><testsuite name="pytest" errors="0" failures="0" skipped="0" tests="6" time="22.311" timestamp="2026-08-19T20:11:40.322103-04:00" hostname="tt-quietbox"><testcase classname="models.autoports.qwen_qwen3_6_27b.tests.test_fused_decoder" name="test_fused_full_attention_non_aligned_prefill_decode[blackhole-device_params0-1]" time="5.699"><properties><property name="start_timestamp" value="2026-08-19T20:11:41" /><property name="end_timestamp" value="2026-08-19T20:11:47" /></properties></testcase><testcase classname="models.autoports.qwen_qwen3_6_27b.tests.test_fused_decoder" name="test_fused_full_attention_paged_decode_trace[blackhole-device_params0-1]" time="2.270"><properties><property name="start_timestamp" value="2026-08-19T20:11:47" /><property name="end_timestamp" value="2026-08-19T20:11:49" /></properties></testcase><testcase classname="models.autoports.qwen_qwen3_6_27b.tests.test_fused_decoder" name="test_fused_full_attention_forced_chunked_prefill[blackhole-device_params0-1]" time="2.314"><properties><property name="start_timestamp" value="2026-08-19T20:11:49" /><property name="end_timestamp" value="2026-08-19T20:11:51" /></properties></testcase><testcase classname="models.autoports.qwen_qwen3_6_27b.tests.test_fused_decoder" name="test_fused_linear_attention_non_aligned_prefill_decode[blackhole-device_params0-1]" time="3.384"><properties><property name="start_timestamp" value="2026-08-19T20:11:51" /><property name="end_timestamp" value="2026-08-19T20:11:55" /></properties></testcase><testcase classname="models.autoports.qwen_qwen3_6_27b.tests.test_fused_decoder" name="test_fused_real_weight_batch32_prefill_decode[blackhole-device_params0-1-linear_attention]" time="4.928"><properties><property name="start_timestamp" value="2026-08-19T20:11:55" /><property name="end_timestamp" value="2026-08-19T20:12:00" /></properties></testcase><testcase classname="models.autoports.qwen_qwen3_6_27b.tests.test_fused_decoder" name="test_fused_real_weight_batch32_prefill_decode[blackhole-device_params0-1-full_attention]" time="2.589"><properties><property name="start_timestamp" value="2026-08-19T20:12:00" /><property name="end_timestamp" value="2026-08-19T20:12:02" /></properties></testcase></testsuite></testsuites>
