<?xml version="1.0" encoding="utf-8"?><testsuites name="pytest tests"><testsuite name="pytest" errors="0" failures="0" skipped="0" tests="3" time="99.554" timestamp="2026-08-19T22:50:30.553156-04:00" hostname="tt-quietbox"><testcase classname="models.autoports.qwen_qwen3_6_27b.tests.test_optimized_decoder" name="test_optimized_full_attention_forced_chunked_prefill[blackhole-device_params0-1]" time="21.521"><properties><property name="start_timestamp" value="2026-08-19T22:50:31" /><property name="end_timestamp" value="2026-08-19T22:50:53" /></properties></testcase><testcase classname="models.autoports.qwen_qwen3_6_27b.tests.test_optimized_decoder" name="test_optimized_full_attention_native_context_decode[blackhole-device_params0-1]" time="13.303"><properties><property name="start_timestamp" value="2026-08-19T22:50:53" /><property name="end_timestamp" value="2026-08-19T22:51:06" /></properties></testcase><testcase classname="models.autoports.qwen_qwen3_6_27b.tests.test_optimized_decoder" name="test_optimized_full_attention_advertised_context_prefill[blackhole-device_params0-1-native_max]" time="63.611"><properties><property name="start_timestamp" value="2026-08-19T22:51:06" /><property name="end_timestamp" value="2026-08-19T22:52:10" /></properties></testcase></testsuite></testsuites>