<?xml version="1.0" encoding="utf-8"?><testsuites name="pytest tests"><testsuite name="pytest" errors="0" failures="0" skipped="0" tests="14" time="3.247" timestamp="2026-09-06T10:41:42.773622+00:00" hostname="qb2-120-p11t02"><testcase classname="models.autoports.google_gemma_4_26b_a4b_it.tests.test_full_model_contract" name="test_full_model_architecture_and_cache_geometry_contract" time="0.216"><properties><property name="start_timestamp" value="2026-09-06T10:41:43" /><property name="end_timestamp" value="2026-09-06T10:41:43" /></properties></testcase><testcase classname="models.autoports.google_gemma_4_26b_a4b_it.tests.test_full_model_contract" name="test_full_model_profile_context_and_cache_geometry[1-50624-8-2]" time="0.191"><properties><property name="start_timestamp" value="2026-09-06T10:41:43" /><property name="end_timestamp" value="2026-09-06T10:41:43" /></properties></testcase><testcase classname="models.autoports.google_gemma_4_26b_a4b_it.tests.test_full_model_contract" name="test_full_model_profile_context_and_cache_geometry[2-262144-4-1]" time="0.185"><properties><property name="start_timestamp" value="2026-09-06T10:41:43" /><property name="end_timestamp" value="2026-09-06T10:41:43" /></properties></testcase><testcase classname="models.autoports.google_gemma_4_26b_a4b_it.tests.test_full_model_contract" name="test_full_model_profile_context_and_cache_geometry[4-262144-2-1]" time="0.188"><properties><property name="start_timestamp" value="2026-09-06T10:41:43" /><property name="end_timestamp" value="2026-09-06T10:41:44" /></properties></testcase><testcase classname="models.autoports.google_gemma_4_26b_a4b_it.tests.test_full_model_contract" name="test_profile_embedding_storage_avoids_decode_time_full_table_untilize" time="0.184"><properties><property name="start_timestamp" value="2026-09-06T10:41:44" /><property name="end_timestamp" value="2026-09-06T10:41:44" /></properties></testcase><testcase classname="models.autoports.google_gemma_4_26b_a4b_it.tests.test_full_model_contract" name="test_generator_implements_readiness_contract_with_explicit_trace_keyword" time="0.183"><properties><property name="start_timestamp" value="2026-09-06T10:41:44" /><property name="end_timestamp" value="2026-09-06T10:41:44" /></properties></testcase><testcase classname="models.autoports.google_gemma_4_26b_a4b_it.tests.test_full_model_contract" name="test_full_model_preserves_logical_prefill_length_at_decoder_boundary" time="0.183"><properties><property name="start_timestamp" value="2026-09-06T10:41:44" /><property name="end_timestamp" value="2026-09-06T10:41:44" /></properties></testcase><testcase classname="models.autoports.google_gemma_4_26b_a4b_it.tests.test_full_model_contract" name="test_caller_owned_cache_wrapper_is_stable_and_allocation_free" time="0.182"><properties><property name="start_timestamp" value="2026-09-06T10:41:44" /><property name="end_timestamp" value="2026-09-06T10:41:44" /></properties></testcase><testcase classname="models.autoports.google_gemma_4_26b_a4b_it.tests.test_full_model_contract" name="test_batched_return_all_logits_has_one_logical_host_tensor" time="0.185"><properties><property name="start_timestamp" value="2026-09-06T10:41:44" /><property name="end_timestamp" value="2026-09-06T10:41:45" /></properties></testcase><testcase classname="models.autoports.google_gemma_4_26b_a4b_it.tests.test_full_model_contract" name="test_optimized_decode_source_has_no_host_logits_or_argmax_boundary" time="0.184"><properties><property name="start_timestamp" value="2026-09-06T10:41:45" /><property name="end_timestamp" value="2026-09-06T10:41:45" /></properties></testcase><testcase classname="models.autoports.google_gemma_4_26b_a4b_it.tests.test_full_model_contract" name="test_sampling_specs_are_validated_and_trace_distinct" time="0.188"><properties><property name="start_timestamp" value="2026-09-06T10:41:45" /><property name="end_timestamp" value="2026-09-06T10:41:45" /></properties></testcase><testcase classname="models.autoports.google_gemma_4_26b_a4b_it.tests.test_full_model_contract" name="test_sampler_choice_is_semantically_greedy_split_topk" time="0.185"><properties><property name="start_timestamp" value="2026-09-06T10:41:45" /><property name="end_timestamp" value="2026-09-06T10:41:45" /></properties></testcase><testcase classname="models.autoports.google_gemma_4_26b_a4b_it.tests.test_full_model_contract" name="test_retained_trace_first_token_sampling_has_explicit_lifetime_scope" time="0.185"><properties><property name="start_timestamp" value="2026-09-06T10:41:45" /><property name="end_timestamp" value="2026-09-06T10:41:45" /></properties></testcase><testcase classname="models.autoports.google_gemma_4_26b_a4b_it.tests.test_full_model_contract" name="test_cache_spec_rounding" time="0.187"><properties><property name="start_timestamp" value="2026-09-06T10:41:45" /><property name="end_timestamp" value="2026-09-06T10:41:46" /></properties></testcase></testsuite></testsuites>
