<?xml version="1.0" encoding="utf-8"?><testsuites name="pytest tests"><testsuite name="pytest" errors="0" failures="0" skipped="0" tests="1" time="10.203" timestamp="2026-09-06T08:57:29.510346+00:00" hostname="qb2-120-p11t02"><testcase classname="models.autoports.google_gemma_4_26b_a4b_it.tests.test_full_model_contract" name="test_reduced_mixed_prompt_and_inactive_slot_probe[blackhole-mesh_device0-device_params0]" time="9.587"><properties><property name="start_timestamp" value="2026-09-06T08:57:30" /><property name="end_timestamp" value="2026-09-06T08:57:39" /></properties></testcase></testsuite></testsuites>
