<?xml version="1.0" encoding="utf-8"?><testsuites name="pytest tests"><testsuite name="pytest" errors="0" failures="0" skipped="0" tests="2" time="14.090" timestamp="2026-09-06T01:11:38.810022+00:00" hostname="qb2-120-p11t02"><testcase classname="models.autoports.google_gemma_4_26b_a4b_it.tests.test_multichip_decoder" name="test_capture_optimized_batch32_reference[blackhole-sliding_attention-mesh_device0-device_params0]" time="7.316"><properties><property name="start_timestamp" value="2026-09-06T01:11:39" /><property name="end_timestamp" value="2026-09-06T01:11:47" /></properties></testcase><testcase classname="models.autoports.google_gemma_4_26b_a4b_it.tests.test_multichip_decoder" name="test_capture_optimized_batch32_reference[blackhole-full_attention-mesh_device0-device_params0]" time="5.854"><properties><property name="start_timestamp" value="2026-09-06T01:11:47" /><property name="end_timestamp" value="2026-09-06T01:11:52" /></properties></testcase></testsuite></testsuites>
