<?xml version="1.0" encoding="utf-8"?><testsuites name="pytest tests"><testsuite name="pytest" errors="0" failures="0" skipped="0" tests="5" time="11.540" timestamp="2026-09-05T13:23:02.982053+00:00" hostname="qb2-120-p11t02"><testcase classname="models.autoports.google_gemma_4_26b_a4b_it.tests.test_optimized_decoder" name="test_optimized_persistent_allocation_accounting[blackhole-sliding_attention-device_params0-mesh_device0]" time="5.506"><properties><property name="start_timestamp" value="2026-09-05T13:23:03" /><property name="end_timestamp" value="2026-09-05T13:23:09" /></properties></testcase><testcase classname="models.autoports.google_gemma_4_26b_a4b_it.tests.test_optimized_decoder" name="test_optimized_persistent_allocation_accounting[blackhole-full_attention-device_params0-mesh_device0]" time="4.560"><properties><property name="start_timestamp" value="2026-09-05T13:23:09" /><property name="end_timestamp" value="2026-09-05T13:23:13" /></properties></testcase><testcase classname="models.autoports.google_gemma_4_26b_a4b_it.tests.test_optimized_decoder" name="test_optimized_persistent_allocation_accounting_host[default_packed]" time="0.205"><properties><property name="start_timestamp" value="2026-09-05T13:23:13" /><property name="end_timestamp" value="2026-09-05T13:23:14" /></properties></testcase><testcase classname="models.autoports.google_gemma_4_26b_a4b_it.tests.test_optimized_decoder" name="test_optimized_persistent_allocation_accounting_host[shared_bfp8_packed]" time="0.188"><properties><property name="start_timestamp" value="2026-09-05T13:23:14" /><property name="end_timestamp" value="2026-09-05T13:23:14" /></properties></testcase><testcase classname="models.autoports.google_gemma_4_26b_a4b_it.tests.test_optimized_decoder" name="test_optimized_persistent_allocation_accounting_host[unpacked]" time="0.184"><properties><property name="start_timestamp" value="2026-09-05T13:23:14" /><property name="end_timestamp" value="2026-09-05T13:23:14" /></properties></testcase></testsuite></testsuites>
