<?xml version="1.0" encoding="utf-8"?><testsuites name="pytest tests"><testsuite name="pytest" errors="0" failures="0" skipped="0" tests="4" time="183.108" timestamp="2026-09-05T11:06:24.744454+00:00" hostname="qb2-120-p11t02"><testcase classname="models.autoports.google_gemma_4_26b_a4b_it.tests.test_optimized_decoder" name="test_optimized_advertised_context_traced_decode[blackhole-sliding_attention-device_params0-mesh_device0]" time="5.534"><properties><property name="start_timestamp" value="2026-09-05T11:06:25" /><property name="end_timestamp" value="2026-09-05T11:06:31" /></properties></testcase><testcase classname="models.autoports.google_gemma_4_26b_a4b_it.tests.test_optimized_decoder" name="test_optimized_prefill_capacity_probe[blackhole-sliding_attention-device_params0-mesh_device0]" time="39.772"><properties><property name="start_timestamp" value="2026-09-05T11:06:31" /><property name="end_timestamp" value="2026-09-05T11:07:10" /></properties></testcase><testcase classname="models.autoports.google_gemma_4_26b_a4b_it.tests.test_optimized_decoder" name="test_optimized_advertised_context_traced_decode[blackhole-full_attention-device_params0-mesh_device0]" time="4.627"><properties><property name="start_timestamp" value="2026-09-05T11:07:10" /><property name="end_timestamp" value="2026-09-05T11:07:15" /></properties></testcase><testcase classname="models.autoports.google_gemma_4_26b_a4b_it.tests.test_optimized_decoder" name="test_optimized_prefill_capacity_probe[blackhole-full_attention-device_params0-mesh_device0]" time="132.303"><properties><property name="start_timestamp" value="2026-09-05T11:07:15" /><property name="end_timestamp" value="2026-09-05T11:09:27" /></properties></testcase></testsuite></testsuites>
