<?xml version="1.0" encoding="utf-8"?><testsuites name="pytest tests"><testsuite name="pytest" errors="0" failures="0" skipped="0" tests="4" time="183.755" timestamp="2026-09-05T14:16:17.586308+00:00" hostname="qb2-120-p11t02"><testcase classname="models.autoports.google_gemma_4_26b_a4b_it.tests.test_optimized_decoder" name="test_optimized_advertised_context_traced_decode[blackhole-sliding_attention-device_params0-mesh_device0]" time="5.632"><properties><property name="start_timestamp" value="2026-09-05T14:16:18" /><property name="end_timestamp" value="2026-09-05T14:16:24" /></properties></testcase><testcase classname="models.autoports.google_gemma_4_26b_a4b_it.tests.test_optimized_decoder" name="test_optimized_prefill_capacity_probe[blackhole-sliding_attention-device_params0-mesh_device0]" time="39.815"><properties><property name="start_timestamp" value="2026-09-05T14:16:24" /><property name="end_timestamp" value="2026-09-05T14:17:03" /></properties></testcase><testcase classname="models.autoports.google_gemma_4_26b_a4b_it.tests.test_optimized_decoder" name="test_optimized_advertised_context_traced_decode[blackhole-full_attention-device_params0-mesh_device0]" time="4.781"><properties><property name="start_timestamp" value="2026-09-05T14:17:03" /><property name="end_timestamp" value="2026-09-05T14:17:08" /></properties></testcase><testcase classname="models.autoports.google_gemma_4_26b_a4b_it.tests.test_optimized_decoder" name="test_optimized_prefill_capacity_probe[blackhole-full_attention-device_params0-mesh_device0]" time="132.651"><properties><property name="start_timestamp" value="2026-09-05T14:17:08" /><property name="end_timestamp" value="2026-09-05T14:19:21" /></properties></testcase></testsuite></testsuites>
