<?xml version="1.0" encoding="utf-8"?><testsuites name="pytest tests"><testsuite name="pytest" errors="0" failures="0" skipped="0" tests="4" time="183.245" timestamp="2026-09-05T13:15:52.491101+00:00" hostname="qb2-120-p11t02"><testcase classname="models.autoports.google_gemma_4_26b_a4b_it.tests.test_optimized_decoder" name="test_optimized_advertised_context_traced_decode[blackhole-sliding_attention-device_params0-mesh_device0]" time="5.592"><properties><property name="start_timestamp" value="2026-09-05T13:15:53" /><property name="end_timestamp" value="2026-09-05T13:15:58" /></properties></testcase><testcase classname="models.autoports.google_gemma_4_26b_a4b_it.tests.test_optimized_decoder" name="test_optimized_prefill_capacity_probe[blackhole-sliding_attention-device_params0-mesh_device0]" time="39.709"><properties><property name="start_timestamp" value="2026-09-05T13:15:58" /><property name="end_timestamp" value="2026-09-05T13:16:38" /></properties></testcase><testcase classname="models.autoports.google_gemma_4_26b_a4b_it.tests.test_optimized_decoder" name="test_optimized_advertised_context_traced_decode[blackhole-full_attention-device_params0-mesh_device0]" time="4.743"><properties><property name="start_timestamp" value="2026-09-05T13:16:38" /><property name="end_timestamp" value="2026-09-05T13:16:43" /></properties></testcase><testcase classname="models.autoports.google_gemma_4_26b_a4b_it.tests.test_optimized_decoder" name="test_optimized_prefill_capacity_probe[blackhole-full_attention-device_params0-mesh_device0]" time="132.332"><properties><property name="start_timestamp" value="2026-09-05T13:16:43" /><property name="end_timestamp" value="2026-09-05T13:18:55" /></properties></testcase></testsuite></testsuites>
