<?xml version="1.0" encoding="utf-8"?><testsuites name="pytest tests"><testsuite name="pytest" errors="0" failures="1" skipped="15" tests="59" time="123.605" timestamp="2026-09-05T14:09:19.463447+00:00" hostname="qb2-120-p11t02"><testcase classname="models.autoports.google_gemma_4_26b_a4b_it.tests.test_optimized_decoder" name="test_optimized_kv_cache_dtype_policy_host[None]" time="0.212"><properties><property name="start_timestamp" value="2026-09-05T14:09:20" /><property name="end_timestamp" value="2026-09-05T14:09:20" /></properties></testcase><testcase classname="models.autoports.google_gemma_4_26b_a4b_it.tests.test_optimized_decoder" name="test_optimized_kv_cache_dtype_policy_host[bf16]" time="0.202"><properties><property name="start_timestamp" value="2026-09-05T14:09:20" /><property name="end_timestamp" value="2026-09-05T14:09:20" /></properties></testcase><testcase classname="models.autoports.google_gemma_4_26b_a4b_it.tests.test_optimized_decoder" name="test_optimized_kv_cache_dtype_policy_host[bfp8]" time="0.199"><properties><property name="start_timestamp" value="2026-09-05T14:09:20" /><property name="end_timestamp" value="2026-09-05T14:09:20" /></properties></testcase><testcase classname="models.autoports.google_gemma_4_26b_a4b_it.tests.test_optimized_decoder" name="test_optimized_kv_cache_dtype_policy_host[]" time="0.211"><properties><property name="start_timestamp" value="2026-09-05T14:09:20" /><property name="end_timestamp" value="2026-09-05T14:09:21" /></properties></testcase><testcase classname="models.autoports.google_gemma_4_26b_a4b_it.tests.test_optimized_decoder" name="test_optimized_kv_cache_dtype_policy_host[BFLOAT8_B]" time="0.209"><properties><property name="start_timestamp" value="2026-09-05T14:09:21" /><property name="end_timestamp" value="2026-09-05T14:09:21" /></properties></testcase><testcase classname="models.autoports.google_gemma_4_26b_a4b_it.tests.test_optimized_decoder" name="test_optimized_kv_cache_dtype_policy_host[BFP8]" time="0.209"><properties><property name="start_timestamp" value="2026-09-05T14:09:21" /><property name="end_timestamp" value="2026-09-05T14:09:21" /></properties></testcase><testcase classname="models.autoports.google_gemma_4_26b_a4b_it.tests.test_optimized_decoder" name="test_optimized_kv_cache_dtype_policy_host[float32]" time="0.204"><properties><property name="start_timestamp" value="2026-09-05T14:09:21" /><property name="end_timestamp" value="2026-09-05T14:09:21" /></properties></testcase><testcase classname="models.autoports.google_gemma_4_26b_a4b_it.tests.test_optimized_decoder" name="test_optimized_kv_cache_oracle_propagation_host[bf16]" time="0.203"><properties><property name="start_timestamp" value="2026-09-05T14:09:21" /><property name="end_timestamp" value="2026-09-05T14:09:22" /></properties></testcase><testcase classname="models.autoports.google_gemma_4_26b_a4b_it.tests.test_optimized_decoder" name="test_optimized_kv_cache_oracle_propagation_host[bfp8]" time="0.205"><properties><property name="start_timestamp" value="2026-09-05T14:09:22" /><property name="end_timestamp" value="2026-09-05T14:09:22" /></properties></testcase><testcase classname="models.autoports.google_gemma_4_26b_a4b_it.tests.test_optimized_decoder" name="test_optimized_material_paths_are_not_functional_fallbacks" time="0.203"><properties><property name="start_timestamp" value="2026-09-05T14:09:22" /><property name="end_timestamp" value="2026-09-05T14:09:22" /></properties></testcase><testcase classname="models.autoports.google_gemma_4_26b_a4b_it.tests.test_optimized_decoder" name="test_optimized_hot_path_fallback_audit" time="0.203"><properties><property name="start_timestamp" value="2026-09-05T14:09:22" /><property name="end_timestamp" value="2026-09-05T14:09:22" /></properties></testcase><testcase classname="models.autoports.google_gemma_4_26b_a4b_it.tests.test_optimized_decoder" name="test_optimized_decode_uses_distinct_paged_cache_view_contracts_host" time="0.201"><properties><property name="start_timestamp" value="2026-09-05T14:09:22" /><property name="end_timestamp" value="2026-09-05T14:09:22" /></properties></testcase><testcase classname="models.autoports.google_gemma_4_26b_a4b_it.tests.test_optimized_decoder" name="test_direct_fused_optimized_equivalence[blackhole-sliding_attention-device_params0-mesh_device0]" time="6.342"><properties><property name="start_timestamp" value="2026-09-05T14:09:22" /><property name="end_timestamp" value="2026-09-05T14:09:29" /></properties><failure message="AssertionError: 0.9876215271644603&#10;assert False">mesh_device = MeshDevice(1x1 grid, 1 devices)
device_params = {'trace_region_size': 67108864}, layer_idx = 0

    @pytest.mark.parametrize("mesh_device", [(1, 1)], indirect=True)
    @pytest.mark.parametrize("device_params", [{"trace_region_size": 64 * 1024 * 1024}], indirect=True)
    @pytest.mark.parametrize("layer_idx", [0, 5], ids=["sliding_attention", "full_attention"])
    def test_direct_fused_optimized_equivalence(mesh_device, device_params, layer_idx):
        """Compare distinct fused/optimized instances, caches, and traced decode."""

        cfg = functional_tests._load_text_config()
        layer_type = cfg.layer_types[layer_idx]
        state = functional_tests._load_layer_state(layer_idx)
        seq_len = 32
        torch.manual_seed(7300 + layer_idx)
        hidden = torch.randn(1, seq_len, functional_tests.HIDDEN_SIZE, dtype=torch.bfloat16)
        decode_hidden = torch.randn(1, 1, functional_tests.HIDDEN_SIZE, dtype=torch.bfloat16)
        rotary = functional_tests.Gemma4TextRotaryEmbedding(cfg)
        cos, sin = rotary(hidden, torch.arange(seq_len).unsqueeze(0), layer_type=layer_type)
        decode_cos, decode_sin = rotary(decode_hidden, torch.tensor([[seq_len]]), layer_type=layer_type)

        def run(decoder_cls):
            decoder = decoder_cls.from_state_dict(state, hf_config=cfg, layer_idx=layer_idx, mesh_device=mesh_device)
            page_table = functional_tests._as_tt(
                mesh_device,
                functional_tests._page_table(layer_type, shared_physical=False),
                dtype=ttnn.int32,
                layout=ttnn.ROW_MAJOR_LAYOUT,
            )
            cache_shape = functional_tests._cache_shape(layer_type, shared_physical=False)
            kv_cache = (
                functional_tests._as_tt(mesh_device, torch.zeros(cache_shape, dtype=torch.bfloat16)),
                functional_tests._as_tt(mesh_device, torch.zeros(cache_shape, dtype=torch.bfloat16)),
            )
            prefill = decoder.prefill_forward(
                functional_tests._as_tt(mesh_device, hidden.unsqueeze(1)),
                position_cos=functional_tests._as_tt(mesh_device, cos.unsqueeze(1)),
                position_sin=functional_tests._as_tt(mesh_device, sin.unsqueeze(1)),
                page_table=page_table,
                kv_cache=kv_cache,
            )
            ttnn.synchronize_device(mesh_device)
            prefill_host = functional_tests._to_torch(mesh_device, prefill).reshape(1, seq_len, -1).to(torch.bfloat16)
            decode_args = {
                "hidden_states": functional_tests._as_tt(mesh_device, decode_hidden.unsqueeze(1)),
                "position_cos": functional_tests._as_tt(mesh_device, decode_cos.unsqueeze(1)),
                "position_sin": functional_tests._as_tt(mesh_device, decode_sin.unsqueeze(1)),
                "current_pos": functional_tests._as_tt(
                    mesh_device,
                    torch.tensor([seq_len], dtype=torch.int32),
                    dtype=ttnn.int32,
                    layout=ttnn.ROW_MAJOR_LAYOUT,
                ),
                "page_table": page_table,
                "kv_cache": kv_cache,
            }
            decoder.decode_forward(**decode_args)
            ttnn.synchronize_device(mesh_device)
            trace_id = ttnn.begin_trace_capture(mesh_device, cq_id=0)
            traced_output = decoder.decode_forward(**decode_args)
            ttnn.end_trace_capture(mesh_device, trace_id, cq_id=0)
            ttnn.execute_trace(mesh_device, trace_id, cq_id=0, blocking=True)
            decode_host = functional_tests._to_torch(mesh_device, traced_output).reshape(1, 1, -1).to(torch.bfloat16)
            ttnn.release_trace(mesh_device, trace_id)
            return prefill_host, decode_host, getattr(decoder, "optimized_path_counters", {})

        fused_prefill, fused_decode, _ = run(FusedDecoder)
        optimized_prefill, optimized_decode, counters = run(OptimizedDecoder)
        prefill_ok, prefill_pcc = functional_tests.comp_pcc(fused_prefill, optimized_prefill, 0.995)
        decode_ok, decode_pcc = functional_tests.comp_pcc(fused_decode, optimized_decode, 0.995)
        assert counters["packed_expert_decode"] &gt; 0
        assert counters["packed_expert_prefill"] == 0
        fusion_policy = _resolved_graph_fusion_policy()
        for counter, enabled in fusion_policy.items():
            if enabled:
                assert counters[counter] &gt;= 2, (counter, counters)
        artifact = ARTIFACT_DIR / f"direct_fused_optimized_equivalence_{layer_type}.json"
        artifact.write_text(
            json.dumps(
                {
                    "layer_idx": layer_idx,
                    "layer_type": layer_type,
                    "sequence_length": seq_len,
                    "distinct_decoder_instances": True,
                    "distinct_kv_caches": True,
                    "decode_path": "trace_replay",
                    "fused_vs_optimized_prefill_pcc": float(prefill_pcc),
                    "fused_vs_optimized_decode_pcc": float(decode_pcc),
                    "threshold": 0.995,
                    "optimized_path_counters": counters,
                },
                indent=2,
                sort_keys=True,
            )
            + "\n"
        )
        _stamp_artifact(artifact)
        assert prefill_ok, prefill_pcc
&gt;       assert decode_ok, decode_pcc
E       AssertionError: 0.9876215271644603
E       assert False

models/autoports/google_gemma_4_26b_a4b_it/tests/test_optimized_decoder.py:593: AssertionError</failure></testcase><testcase classname="models.autoports.google_gemma_4_26b_a4b_it.tests.test_optimized_decoder" name="test_optimized_real_weights_prefill_decode[blackhole-sliding_attention_shared_cache-device_params0-mesh_device0]" time="4.895"><properties><property name="start_timestamp" value="2026-09-05T14:09:29" /><property name="end_timestamp" value="2026-09-05T14:09:34" /></properties></testcase><testcase classname="models.autoports.google_gemma_4_26b_a4b_it.tests.test_optimized_decoder" name="test_optimized_nonaligned_prefill_cache_consuming_decode[blackhole-kv_bf16-sliding_attention_bounded_wrap-device_params0-mesh_device0]" time="5.675"><properties><property name="start_timestamp" value="2026-09-05T14:09:34" /><property name="end_timestamp" value="2026-09-05T14:09:39" /></properties></testcase><testcase classname="models.autoports.google_gemma_4_26b_a4b_it.tests.test_optimized_decoder" name="test_optimized_traced_decode_batch_contract[blackhole-batch1-sliding_attention-device_params0-mesh_device0]" time="4.993"><properties><property name="start_timestamp" value="2026-09-05T14:09:39" /><property name="end_timestamp" value="2026-09-05T14:09:44" /></properties></testcase><testcase classname="models.autoports.google_gemma_4_26b_a4b_it.tests.test_optimized_decoder" name="test_optimized_trace_mutable_stable_buffers[blackhole-sliding_attention-device_params0-mesh_device0]" time="5.697"><properties><property name="start_timestamp" value="2026-09-05T14:09:44" /><property name="end_timestamp" value="2026-09-05T14:09:50" /></properties></testcase><testcase classname="models.autoports.google_gemma_4_26b_a4b_it.tests.test_optimized_decoder" name="test_optimized_bounded_modulo_decode_stress[blackhole-device_params0-mesh_device0]" time="7.436"><properties><property name="start_timestamp" value="2026-09-05T14:09:50" /><property name="end_timestamp" value="2026-09-05T14:09:57" /></properties></testcase><testcase classname="models.autoports.google_gemma_4_26b_a4b_it.tests.test_optimized_decoder" name="test_optimized_real_shape_batch2_prefill[blackhole-sliding_attention-device_params0-mesh_device0]" time="4.929"><properties><property name="start_timestamp" value="2026-09-05T14:09:57" /><property name="end_timestamp" value="2026-09-05T14:10:02" /></properties></testcase><testcase classname="models.autoports.google_gemma_4_26b_a4b_it.tests.test_optimized_decoder" name="test_optimized_paged_prefill_logical_boundary_lengths[blackhole-sliding_attention-device_params0-mesh_device0]" time="6.223"><properties><property name="start_timestamp" value="2026-09-05T14:10:02" /><property name="end_timestamp" value="2026-09-05T14:10:09" /></properties></testcase><testcase classname="models.autoports.google_gemma_4_26b_a4b_it.tests.test_optimized_decoder" name="test_optimized_advertised_context_traced_decode[blackhole-sliding_attention-device_params0-mesh_device0]" time="0.342"><properties><property name="start_timestamp" value="2026-09-05T14:10:09" /><property name="end_timestamp" value="2026-09-05T14:10:09" /></properties><skipped type="pytest.skip" message="set GEMMA4_FUNCTIONAL_DECODER_CONTEXT=1 to run the advertised-context capacity test">/home/hous/dev/tt-metal/models/autoports/google_gemma_4_26b_a4b_it/tests/test_functional_decoder.py:904: set GEMMA4_FUNCTIONAL_DECODER_CONTEXT=1 to run the advertised-context capacity test</skipped></testcase><testcase classname="models.autoports.google_gemma_4_26b_a4b_it.tests.test_optimized_decoder" name="test_optimized_prefill_capacity_probe[blackhole-sliding_attention-device_params0-mesh_device0]" time="0.323"><properties><property name="start_timestamp" value="2026-09-05T14:10:09" /><property name="end_timestamp" value="2026-09-05T14:10:09" /></properties><skipped type="pytest.skip" message="set GEMMA4_PREFILL_CAPACITY_LENGTH to run a physical prefill-capacity probe">/home/hous/dev/tt-metal/models/autoports/google_gemma_4_26b_a4b_it/tests/test_functional_decoder.py:1127: set GEMMA4_PREFILL_CAPACITY_LENGTH to run a physical prefill-capacity probe</skipped></testcase><testcase classname="models.autoports.google_gemma_4_26b_a4b_it.tests.test_optimized_decoder" name="test_optimized_persistent_allocation_accounting[blackhole-sliding_attention-device_params0-mesh_device0]" time="4.599"><properties><property name="start_timestamp" value="2026-09-05T14:10:09" /><property name="end_timestamp" value="2026-09-05T14:10:14" /></properties></testcase><testcase classname="models.autoports.google_gemma_4_26b_a4b_it.tests.test_optimized_decoder" name="test_optimized_prefill_batch32_perf[blackhole-sliding_attention_1024-device_params0-mesh_device0]" time="0.329"><properties><property name="start_timestamp" value="2026-09-05T14:10:14" /><property name="end_timestamp" value="2026-09-05T14:10:14" /></properties><skipped type="pytest.skip" message="set GEMMA4_OPTIMIZED_PREFILL_BATCH32_PERF=1 to run batch-32 prefill">/home/hous/dev/tt-metal/models/autoports/google_gemma_4_26b_a4b_it/tests/test_optimized_decoder.py:1852: set GEMMA4_OPTIMIZED_PREFILL_BATCH32_PERF=1 to run batch-32 prefill</skipped></testcase><testcase classname="models.autoports.google_gemma_4_26b_a4b_it.tests.test_optimized_decoder" name="test_optimized_decoder_perf_profile[blackhole-batch1-sliding_attention_1024-device_params0-mesh_device0]" time="0.326"><properties><property name="start_timestamp" value="2026-09-05T14:10:14" /><property name="end_timestamp" value="2026-09-05T14:10:14" /></properties><skipped type="pytest.skip" message="set GEMMA4_FUNCTIONAL_DECODER_PERF=1 to run the profiler harness">/home/hous/dev/tt-metal/models/autoports/google_gemma_4_26b_a4b_it/tests/test_functional_decoder.py:1600: set GEMMA4_FUNCTIONAL_DECODER_PERF=1 to run the profiler harness</skipped></testcase><testcase classname="models.autoports.google_gemma_4_26b_a4b_it.tests.test_optimized_decoder" name="test_serving_batch32_prefill_perf[blackhole-sliding_attention-device_params0-mesh_device0]" time="0.323"><properties><property name="start_timestamp" value="2026-09-05T14:10:14" /><property name="end_timestamp" value="2026-09-05T14:10:15" /></properties><skipped type="pytest.skip" message="set GEMMA4_OPT_SERVING_PREFILL_PERF=1 to run serving-batch prefill">/home/hous/dev/tt-metal/models/autoports/google_gemma_4_26b_a4b_it/tests/test_optimized_decoder.py:2027: set GEMMA4_OPT_SERVING_PREFILL_PERF=1 to run serving-batch prefill</skipped></testcase><testcase classname="models.autoports.google_gemma_4_26b_a4b_it.tests.test_optimized_decoder" name="test_direct_fused_optimized_equivalence[blackhole-full_attention-device_params0-mesh_device0]" time="5.304"><properties><property name="start_timestamp" value="2026-09-05T14:10:15" /><property name="end_timestamp" value="2026-09-05T14:10:20" /></properties></testcase><testcase classname="models.autoports.google_gemma_4_26b_a4b_it.tests.test_optimized_decoder" name="test_optimized_real_weights_prefill_decode[blackhole-full_attention_natural_cache-device_params0-mesh_device0]" time="4.983"><properties><property name="start_timestamp" value="2026-09-05T14:10:20" /><property name="end_timestamp" value="2026-09-05T14:10:25" /></properties></testcase><testcase classname="models.autoports.google_gemma_4_26b_a4b_it.tests.test_optimized_decoder" name="test_optimized_nonaligned_prefill_cache_consuming_decode[blackhole-kv_bf16-full_attention_natural_cache-device_params0-mesh_device0]" time="5.765"><properties><property name="start_timestamp" value="2026-09-05T14:10:25" /><property name="end_timestamp" value="2026-09-05T14:10:31" /></properties></testcase><testcase classname="models.autoports.google_gemma_4_26b_a4b_it.tests.test_optimized_decoder" name="test_optimized_traced_decode_batch_contract[blackhole-batch1-full_attention-device_params0-mesh_device0]" time="4.989"><properties><property name="start_timestamp" value="2026-09-05T14:10:31" /><property name="end_timestamp" value="2026-09-05T14:10:36" /></properties></testcase><testcase classname="models.autoports.google_gemma_4_26b_a4b_it.tests.test_optimized_decoder" name="test_optimized_trace_mutable_stable_buffers[blackhole-full_attention_shared_hma-device_params0-mesh_device0]" time="5.795"><properties><property name="start_timestamp" value="2026-09-05T14:10:36" /><property name="end_timestamp" value="2026-09-05T14:10:42" /></properties></testcase><testcase classname="models.autoports.google_gemma_4_26b_a4b_it.tests.test_optimized_decoder" name="test_optimized_real_shape_batch2_prefill[blackhole-full_attention-device_params0-mesh_device0]" time="4.991"><properties><property name="start_timestamp" value="2026-09-05T14:10:42" /><property name="end_timestamp" value="2026-09-05T14:10:47" /></properties></testcase><testcase classname="models.autoports.google_gemma_4_26b_a4b_it.tests.test_optimized_decoder" name="test_optimized_paged_prefill_logical_boundary_lengths[blackhole-full_attention-device_params0-mesh_device0]" time="6.475"><properties><property name="start_timestamp" value="2026-09-05T14:10:47" /><property name="end_timestamp" value="2026-09-05T14:10:53" /></properties></testcase><testcase classname="models.autoports.google_gemma_4_26b_a4b_it.tests.test_optimized_decoder" name="test_optimized_advertised_context_traced_decode[blackhole-full_attention-device_params0-mesh_device0]" time="0.348"><properties><property name="start_timestamp" value="2026-09-05T14:10:53" /><property name="end_timestamp" value="2026-09-05T14:10:53" /></properties><skipped type="pytest.skip" message="set GEMMA4_FUNCTIONAL_DECODER_CONTEXT=1 to run the advertised-context capacity test">/home/hous/dev/tt-metal/models/autoports/google_gemma_4_26b_a4b_it/tests/test_functional_decoder.py:904: set GEMMA4_FUNCTIONAL_DECODER_CONTEXT=1 to run the advertised-context capacity test</skipped></testcase><testcase classname="models.autoports.google_gemma_4_26b_a4b_it.tests.test_optimized_decoder" name="test_optimized_prefill_capacity_probe[blackhole-full_attention-device_params0-mesh_device0]" time="0.326"><properties><property name="start_timestamp" value="2026-09-05T14:10:53" /><property name="end_timestamp" value="2026-09-05T14:10:54" /></properties><skipped type="pytest.skip" message="set GEMMA4_PREFILL_CAPACITY_LENGTH to run a physical prefill-capacity probe">/home/hous/dev/tt-metal/models/autoports/google_gemma_4_26b_a4b_it/tests/test_functional_decoder.py:1127: set GEMMA4_PREFILL_CAPACITY_LENGTH to run a physical prefill-capacity probe</skipped></testcase><testcase classname="models.autoports.google_gemma_4_26b_a4b_it.tests.test_optimized_decoder" name="test_optimized_persistent_allocation_accounting[blackhole-full_attention-device_params0-mesh_device0]" time="4.572"><properties><property name="start_timestamp" value="2026-09-05T14:10:54" /><property name="end_timestamp" value="2026-09-05T14:10:58" /></properties></testcase><testcase classname="models.autoports.google_gemma_4_26b_a4b_it.tests.test_optimized_decoder" name="test_optimized_prefill_batch32_perf[blackhole-full_attention_1024-device_params0-mesh_device0]" time="0.330"><properties><property name="start_timestamp" value="2026-09-05T14:10:58" /><property name="end_timestamp" value="2026-09-05T14:10:59" /></properties><skipped type="pytest.skip" message="set GEMMA4_OPTIMIZED_PREFILL_BATCH32_PERF=1 to run batch-32 prefill">/home/hous/dev/tt-metal/models/autoports/google_gemma_4_26b_a4b_it/tests/test_optimized_decoder.py:1852: set GEMMA4_OPTIMIZED_PREFILL_BATCH32_PERF=1 to run batch-32 prefill</skipped></testcase><testcase classname="models.autoports.google_gemma_4_26b_a4b_it.tests.test_optimized_decoder" name="test_optimized_decoder_perf_profile[blackhole-batch1-full_attention_1024-device_params0-mesh_device0]" time="0.332"><properties><property name="start_timestamp" value="2026-09-05T14:10:59" /><property name="end_timestamp" value="2026-09-05T14:10:59" /></properties><skipped type="pytest.skip" message="set GEMMA4_FUNCTIONAL_DECODER_PERF=1 to run the profiler harness">/home/hous/dev/tt-metal/models/autoports/google_gemma_4_26b_a4b_it/tests/test_functional_decoder.py:1600: set GEMMA4_FUNCTIONAL_DECODER_PERF=1 to run the profiler harness</skipped></testcase><testcase classname="models.autoports.google_gemma_4_26b_a4b_it.tests.test_optimized_decoder" name="test_serving_batch32_prefill_perf[blackhole-full_attention-device_params0-mesh_device0]" time="0.334"><properties><property name="start_timestamp" value="2026-09-05T14:10:59" /><property name="end_timestamp" value="2026-09-05T14:10:59" /></properties><skipped type="pytest.skip" message="set GEMMA4_OPT_SERVING_PREFILL_PERF=1 to run serving-batch prefill">/home/hous/dev/tt-metal/models/autoports/google_gemma_4_26b_a4b_it/tests/test_optimized_decoder.py:2027: set GEMMA4_OPT_SERVING_PREFILL_PERF=1 to run serving-batch prefill</skipped></testcase><testcase classname="models.autoports.google_gemma_4_26b_a4b_it.tests.test_optimized_decoder" name="test_optimized_real_weights_prefill_decode[blackhole-full_attention_shared_cache_view-device_params0-mesh_device0]" time="5.031"><properties><property name="start_timestamp" value="2026-09-05T14:10:59" /><property name="end_timestamp" value="2026-09-05T14:11:04" /></properties></testcase><testcase classname="models.autoports.google_gemma_4_26b_a4b_it.tests.test_optimized_decoder" name="test_optimized_nonaligned_prefill_cache_consuming_decode[blackhole-kv_bf16-full_attention_shared_cache_view-device_params0-mesh_device0]" time="5.143"><properties><property name="start_timestamp" value="2026-09-05T14:11:04" /><property name="end_timestamp" value="2026-09-05T14:11:10" /></properties></testcase><testcase classname="models.autoports.google_gemma_4_26b_a4b_it.tests.test_optimized_decoder" name="test_optimized_traced_decode_batch_contract[blackhole-batch32-sliding_attention-device_params0-mesh_device0]" time="4.897"><properties><property name="start_timestamp" value="2026-09-05T14:11:10" /><property name="end_timestamp" value="2026-09-05T14:11:14" /></properties></testcase><testcase classname="models.autoports.google_gemma_4_26b_a4b_it.tests.test_optimized_decoder" name="test_optimized_decoder_perf_profile[blackhole-batch32-sliding_attention_1024-device_params0-mesh_device0]" time="0.339"><properties><property name="start_timestamp" value="2026-09-05T14:11:14" /><property name="end_timestamp" value="2026-09-05T14:11:15" /></properties><skipped type="pytest.skip" message="set GEMMA4_FUNCTIONAL_DECODER_PERF=1 to run the profiler harness">/home/hous/dev/tt-metal/models/autoports/google_gemma_4_26b_a4b_it/tests/test_functional_decoder.py:1600: set GEMMA4_FUNCTIONAL_DECODER_PERF=1 to run the profiler harness</skipped></testcase><testcase classname="models.autoports.google_gemma_4_26b_a4b_it.tests.test_optimized_decoder" name="test_optimized_nonaligned_prefill_cache_consuming_decode[blackhole-kv_bfp8-sliding_attention_bounded_wrap-device_params0-mesh_device0]" time="0.000"><skipped type="pytest.skip" message="BFP8 cache candidate: set GEMMA4_OPT_BFP8_CACHE_CORRECTNESS=1 to run its correctness gates">/home/hous/dev/tt-metal/models/autoports/google_gemma_4_26b_a4b_it/tests/test_optimized_decoder.py:660: BFP8 cache candidate: set GEMMA4_OPT_BFP8_CACHE_CORRECTNESS=1 to run its correctness gates</skipped></testcase><testcase classname="models.autoports.google_gemma_4_26b_a4b_it.tests.test_optimized_decoder" name="test_optimized_traced_decode_batch_contract[blackhole-batch32-full_attention-device_params0-mesh_device0]" time="5.173"><properties><property name="start_timestamp" value="2026-09-05T14:11:15" /><property name="end_timestamp" value="2026-09-05T14:11:20" /></properties></testcase><testcase classname="models.autoports.google_gemma_4_26b_a4b_it.tests.test_optimized_decoder" name="test_optimized_decoder_perf_profile[blackhole-batch32-full_attention_1024-device_params0-mesh_device0]" time="0.341"><properties><property name="start_timestamp" value="2026-09-05T14:11:20" /><property name="end_timestamp" value="2026-09-05T14:11:20" /></properties><skipped type="pytest.skip" message="set GEMMA4_FUNCTIONAL_DECODER_PERF=1 to run the profiler harness">/home/hous/dev/tt-metal/models/autoports/google_gemma_4_26b_a4b_it/tests/test_functional_decoder.py:1600: set GEMMA4_FUNCTIONAL_DECODER_PERF=1 to run the profiler harness</skipped></testcase><testcase classname="models.autoports.google_gemma_4_26b_a4b_it.tests.test_optimized_decoder" name="test_optimized_nonaligned_prefill_cache_consuming_decode[blackhole-kv_bfp8-full_attention_natural_cache-device_params0-mesh_device0]" time="0.000"><skipped type="pytest.skip" message="BFP8 cache candidate: set GEMMA4_OPT_BFP8_CACHE_CORRECTNESS=1 to run its correctness gates">/home/hous/dev/tt-metal/models/autoports/google_gemma_4_26b_a4b_it/tests/test_optimized_decoder.py:660: BFP8 cache candidate: set GEMMA4_OPT_BFP8_CACHE_CORRECTNESS=1 to run its correctness gates</skipped></testcase><testcase classname="models.autoports.google_gemma_4_26b_a4b_it.tests.test_optimized_decoder" name="test_optimized_nonaligned_prefill_cache_consuming_decode[blackhole-kv_bfp8-full_attention_shared_cache_view-device_params0-mesh_device0]" time="0.000"><skipped type="pytest.skip" message="BFP8 cache candidate: set GEMMA4_OPT_BFP8_CACHE_CORRECTNESS=1 to run its correctness gates">/home/hous/dev/tt-metal/models/autoports/google_gemma_4_26b_a4b_it/tests/test_optimized_decoder.py:660: BFP8 cache candidate: set GEMMA4_OPT_BFP8_CACHE_CORRECTNESS=1 to run its correctness gates</skipped></testcase><testcase classname="models.autoports.google_gemma_4_26b_a4b_it.tests.test_optimized_decoder" name="test_graph_fusion_policy_and_state_folds_are_setup_only" time="0.215"><properties><property name="start_timestamp" value="2026-09-05T14:11:20" /><property name="end_timestamp" value="2026-09-05T14:11:20" /></properties></testcase><testcase classname="models.autoports.google_gemma_4_26b_a4b_it.tests.test_optimized_decoder" name="test_graph_fusion_hot_paths_are_owned_and_gated" time="0.206"><properties><property name="start_timestamp" value="2026-09-05T14:11:20" /><property name="end_timestamp" value="2026-09-05T14:11:21" /></properties></testcase><testcase classname="models.autoports.google_gemma_4_26b_a4b_it.tests.test_optimized_decoder" name="test_optimized_precision_defaults" time="0.206"><properties><property name="start_timestamp" value="2026-09-05T14:11:21" /><property name="end_timestamp" value="2026-09-05T14:11:21" /></properties></testcase><testcase classname="models.autoports.google_gemma_4_26b_a4b_it.tests.test_optimized_decoder" name="test_optimized_persistent_allocation_accounting_host[default_packed]" time="0.205"><properties><property name="start_timestamp" value="2026-09-05T14:11:21" /><property name="end_timestamp" value="2026-09-05T14:11:21" /></properties></testcase><testcase classname="models.autoports.google_gemma_4_26b_a4b_it.tests.test_optimized_decoder" name="test_optimized_persistent_allocation_accounting_host[shared_bfp8_packed]" time="0.207"><properties><property name="start_timestamp" value="2026-09-05T14:11:21" /><property name="end_timestamp" value="2026-09-05T14:11:21" /></properties></testcase><testcase classname="models.autoports.google_gemma_4_26b_a4b_it.tests.test_optimized_decoder" name="test_optimized_persistent_allocation_accounting_host[unpacked]" time="0.207"><properties><property name="start_timestamp" value="2026-09-05T14:11:21" /><property name="end_timestamp" value="2026-09-05T14:11:22" /></properties></testcase><testcase classname="models.autoports.google_gemma_4_26b_a4b_it.tests.test_optimized_decoder" name="test_residual_shard_candidate_geometry_and_env" time="0.208"><properties><property name="start_timestamp" value="2026-09-05T14:11:22" /><property name="end_timestamp" value="2026-09-05T14:11:22" /></properties></testcase><testcase classname="models.autoports.google_gemma_4_26b_a4b_it.tests.test_optimized_decoder" name="test_attention_candidate_geometry_and_env" time="0.209"><properties><property name="start_timestamp" value="2026-09-05T14:11:22" /><property name="end_timestamp" value="2026-09-05T14:11:22" /></properties></testcase><testcase classname="models.autoports.google_gemma_4_26b_a4b_it.tests.test_optimized_decoder" name="test_residual_shard_candidate_has_coherent_static_path" time="0.210"><properties><property name="start_timestamp" value="2026-09-05T14:11:22" /><property name="end_timestamp" value="2026-09-05T14:11:22" /></properties></testcase><testcase classname="models.autoports.google_gemma_4_26b_a4b_it.tests.test_optimized_decoder" name="test_prefill_attention_candidate_geometry_and_env" time="0.205"><properties><property name="start_timestamp" value="2026-09-05T14:11:22" /><property name="end_timestamp" value="2026-09-05T14:11:22" /></properties></testcase><testcase classname="models.autoports.google_gemma_4_26b_a4b_it.tests.test_optimized_decoder" name="test_selected_row_major_routing_is_trace_stable_and_default" time="0.207"><properties><property name="start_timestamp" value="2026-09-05T14:11:22" /><property name="end_timestamp" value="2026-09-05T14:11:23" /></properties></testcase></testsuite></testsuites>
