<?xml version="1.0" encoding="utf-8"?><testsuites name="pytest tests"><testsuite name="pytest" errors="0" failures="0" skipped="0" tests="4" time="42.937" timestamp="2026-09-05T08:20:44.641690+00:00" hostname="qb2-120-p11t02"><testcase classname="models.autoports.google_gemma_4_26b_a4b_it.tests.test_optimized_decoder" name="test_optimized_decoder_perf_profile[blackhole-batch1-sliding_attention_1024-device_params0-mesh_device0]" time="5.478"><properties><property name="start_timestamp" value="2026-09-05T08:20:45" /><property name="end_timestamp" value="2026-09-05T08:20:50" /></properties></testcase><testcase classname="models.autoports.google_gemma_4_26b_a4b_it.tests.test_optimized_decoder" name="test_optimized_decoder_perf_profile[blackhole-batch1-full_attention_1024-device_params0-mesh_device0]" time="4.523"><properties><property name="start_timestamp" value="2026-09-05T08:20:50" /><property name="end_timestamp" value="2026-09-05T08:20:55" /></properties></testcase><testcase classname="models.autoports.google_gemma_4_26b_a4b_it.tests.test_optimized_decoder" name="test_optimized_decoder_perf_profile[blackhole-batch32-sliding_attention_1024-device_params0-mesh_device0]" time="16.140"><properties><property name="start_timestamp" value="2026-09-05T08:20:55" /><property name="end_timestamp" value="2026-09-05T08:21:11" /></properties></testcase><testcase classname="models.autoports.google_gemma_4_26b_a4b_it.tests.test_optimized_decoder" name="test_optimized_decoder_perf_profile[blackhole-batch32-full_attention_1024-device_params0-mesh_device0]" time="15.918"><properties><property name="start_timestamp" value="2026-09-05T08:21:11" /><property name="end_timestamp" value="2026-09-05T08:21:27" /></properties></testcase></testsuite></testsuites>
