<?xml version="1.0" encoding="utf-8"?><testsuites name="pytest tests"><testsuite name="pytest" errors="0" failures="0" skipped="12" tests="36" time="76.976" timestamp="2026-09-05T07:43:13.465314+00:00" hostname="qb2-120-p11t02"><testcase classname="models.autoports.google_gemma_4_26b_a4b_it.tests.test_optimized_decoder" name="test_optimized_material_paths_are_not_functional_fallbacks" time="0.194"><properties><property name="start_timestamp" value="2026-09-05T07:43:14" /><property name="end_timestamp" value="2026-09-05T07:43:14" /></properties></testcase><testcase classname="models.autoports.google_gemma_4_26b_a4b_it.tests.test_optimized_decoder" name="test_optimized_hot_path_fallback_audit" time="0.191"><properties><property name="start_timestamp" value="2026-09-05T07:43:14" /><property name="end_timestamp" value="2026-09-05T07:43:14" /></properties></testcase><testcase classname="models.autoports.google_gemma_4_26b_a4b_it.tests.test_optimized_decoder" name="test_optimized_decode_uses_distinct_paged_cache_view_contracts_host" time="0.192"><properties><property name="start_timestamp" value="2026-09-05T07:43:14" /><property name="end_timestamp" value="2026-09-05T07:43:14" /></properties></testcase><testcase classname="models.autoports.google_gemma_4_26b_a4b_it.tests.test_optimized_decoder" name="test_direct_fused_optimized_equivalence[blackhole-sliding_attention-device_params0-mesh_device0]" time="4.708"><properties><property name="start_timestamp" value="2026-09-05T07:43:14" /><property name="end_timestamp" value="2026-09-05T07:43:19" /></properties></testcase><testcase classname="models.autoports.google_gemma_4_26b_a4b_it.tests.test_optimized_decoder" name="test_optimized_real_weights_prefill_decode[blackhole-sliding_attention_shared_cache-device_params0-mesh_device0]" time="3.433"><properties><property name="start_timestamp" value="2026-09-05T07:43:19" /><property name="end_timestamp" value="2026-09-05T07:43:23" /></properties></testcase><testcase classname="models.autoports.google_gemma_4_26b_a4b_it.tests.test_optimized_decoder" name="test_optimized_traced_decode_batch_contract[blackhole-batch1-sliding_attention-device_params0-mesh_device0]" time="3.434"><properties><property name="start_timestamp" value="2026-09-05T07:43:23" /><property name="end_timestamp" value="2026-09-05T07:43:26" /></properties></testcase><testcase classname="models.autoports.google_gemma_4_26b_a4b_it.tests.test_optimized_decoder" name="test_optimized_trace_mutable_stable_buffers[blackhole-sliding_attention-device_params0-mesh_device0]" time="4.205"><properties><property name="start_timestamp" value="2026-09-05T07:43:26" /><property name="end_timestamp" value="2026-09-05T07:43:30" /></properties></testcase><testcase classname="models.autoports.google_gemma_4_26b_a4b_it.tests.test_optimized_decoder" name="test_optimized_bounded_modulo_decode_stress[blackhole-device_params0-mesh_device0]" time="6.042"><properties><property name="start_timestamp" value="2026-09-05T07:43:30" /><property name="end_timestamp" value="2026-09-05T07:43:36" /></properties></testcase><testcase classname="models.autoports.google_gemma_4_26b_a4b_it.tests.test_optimized_decoder" name="test_optimized_real_shape_batch2_prefill[blackhole-sliding_attention-device_params0-mesh_device0]" time="3.459"><properties><property name="start_timestamp" value="2026-09-05T07:43:36" /><property name="end_timestamp" value="2026-09-05T07:43:40" /></properties></testcase><testcase classname="models.autoports.google_gemma_4_26b_a4b_it.tests.test_optimized_decoder" name="test_optimized_paged_prefill_logical_boundary_lengths[blackhole-sliding_attention-device_params0-mesh_device0]" time="4.828"><properties><property name="start_timestamp" value="2026-09-05T07:43:40" /><property name="end_timestamp" value="2026-09-05T07:43:45" /></properties></testcase><testcase classname="models.autoports.google_gemma_4_26b_a4b_it.tests.test_optimized_decoder" name="test_optimized_advertised_context_traced_decode[blackhole-sliding_attention-device_params0-mesh_device0]" time="0.342"><properties><property name="start_timestamp" value="2026-09-05T07:43:45" /><property name="end_timestamp" value="2026-09-05T07:43:45" /></properties><skipped type="pytest.skip" message="set GEMMA4_FUNCTIONAL_DECODER_CONTEXT=1 to run the advertised-context capacity test">/home/hous/dev/tt-metal/models/autoports/google_gemma_4_26b_a4b_it/tests/test_functional_decoder.py:904: set GEMMA4_FUNCTIONAL_DECODER_CONTEXT=1 to run the advertised-context capacity test</skipped></testcase><testcase classname="models.autoports.google_gemma_4_26b_a4b_it.tests.test_optimized_decoder" name="test_optimized_prefill_capacity_probe[blackhole-sliding_attention-device_params0-mesh_device0]" time="0.322"><properties><property name="start_timestamp" value="2026-09-05T07:43:45" /><property name="end_timestamp" value="2026-09-05T07:43:45" /></properties><skipped type="pytest.skip" message="set GEMMA4_PREFILL_CAPACITY_LENGTH to run a physical prefill-capacity probe">/home/hous/dev/tt-metal/models/autoports/google_gemma_4_26b_a4b_it/tests/test_functional_decoder.py:1127: set GEMMA4_PREFILL_CAPACITY_LENGTH to run a physical prefill-capacity probe</skipped></testcase><testcase classname="models.autoports.google_gemma_4_26b_a4b_it.tests.test_optimized_decoder" name="test_optimized_persistent_allocation_accounting[blackhole-sliding_attention-device_params0-mesh_device0]" time="3.078"><properties><property name="start_timestamp" value="2026-09-05T07:43:45" /><property name="end_timestamp" value="2026-09-05T07:43:48" /></properties></testcase><testcase classname="models.autoports.google_gemma_4_26b_a4b_it.tests.test_optimized_decoder" name="test_optimized_prefill_batch32_perf[blackhole-sliding_attention_1024-device_params0-mesh_device0]" time="0.325"><properties><property name="start_timestamp" value="2026-09-05T07:43:48" /><property name="end_timestamp" value="2026-09-05T07:43:49" /></properties><skipped type="pytest.skip" message="set GEMMA4_OPTIMIZED_PREFILL_BATCH32_PERF=1 to run batch-32 prefill">/home/hous/dev/tt-metal/models/autoports/google_gemma_4_26b_a4b_it/tests/test_optimized_decoder.py:700: set GEMMA4_OPTIMIZED_PREFILL_BATCH32_PERF=1 to run batch-32 prefill</skipped></testcase><testcase classname="models.autoports.google_gemma_4_26b_a4b_it.tests.test_optimized_decoder" name="test_optimized_decoder_perf_profile[blackhole-batch1-sliding_attention_1024-device_params0-mesh_device0]" time="0.324"><properties><property name="start_timestamp" value="2026-09-05T07:43:49" /><property name="end_timestamp" value="2026-09-05T07:43:49" /></properties><skipped type="pytest.skip" message="set GEMMA4_FUNCTIONAL_DECODER_PERF=1 to run the profiler harness">/home/hous/dev/tt-metal/models/autoports/google_gemma_4_26b_a4b_it/tests/test_functional_decoder.py:1600: set GEMMA4_FUNCTIONAL_DECODER_PERF=1 to run the profiler harness</skipped></testcase><testcase classname="models.autoports.google_gemma_4_26b_a4b_it.tests.test_optimized_decoder" name="test_serving_batch32_prefill_perf[blackhole-sliding_attention-device_params0-mesh_device0]" time="0.326"><properties><property name="start_timestamp" value="2026-09-05T07:43:49" /><property name="end_timestamp" value="2026-09-05T07:43:49" /></properties><skipped type="pytest.skip" message="set GEMMA4_OPT_SERVING_PREFILL_PERF=1 to run serving-batch prefill">/home/hous/dev/tt-metal/models/autoports/google_gemma_4_26b_a4b_it/tests/test_optimized_decoder.py:868: set GEMMA4_OPT_SERVING_PREFILL_PERF=1 to run serving-batch prefill</skipped></testcase><testcase classname="models.autoports.google_gemma_4_26b_a4b_it.tests.test_optimized_decoder" name="test_direct_fused_optimized_equivalence[blackhole-full_attention-device_params0-mesh_device0]" time="3.685"><properties><property name="start_timestamp" value="2026-09-05T07:43:49" /><property name="end_timestamp" value="2026-09-05T07:43:53" /></properties></testcase><testcase classname="models.autoports.google_gemma_4_26b_a4b_it.tests.test_optimized_decoder" name="test_optimized_real_weights_prefill_decode[blackhole-full_attention_natural_cache-device_params0-mesh_device0]" time="3.501"><properties><property name="start_timestamp" value="2026-09-05T07:43:53" /><property name="end_timestamp" value="2026-09-05T07:43:56" /></properties></testcase><testcase classname="models.autoports.google_gemma_4_26b_a4b_it.tests.test_optimized_decoder" name="test_optimized_traced_decode_batch_contract[blackhole-batch1-full_attention-device_params0-mesh_device0]" time="3.471"><properties><property name="start_timestamp" value="2026-09-05T07:43:56" /><property name="end_timestamp" value="2026-09-05T07:44:00" /></properties></testcase><testcase classname="models.autoports.google_gemma_4_26b_a4b_it.tests.test_optimized_decoder" name="test_optimized_trace_mutable_stable_buffers[blackhole-full_attention_shared_hma-device_params0-mesh_device0]" time="4.101"><properties><property name="start_timestamp" value="2026-09-05T07:44:00" /><property name="end_timestamp" value="2026-09-05T07:44:04" /></properties></testcase><testcase classname="models.autoports.google_gemma_4_26b_a4b_it.tests.test_optimized_decoder" name="test_optimized_real_shape_batch2_prefill[blackhole-full_attention-device_params0-mesh_device0]" time="3.529"><properties><property name="start_timestamp" value="2026-09-05T07:44:04" /><property name="end_timestamp" value="2026-09-05T07:44:08" /></properties></testcase><testcase classname="models.autoports.google_gemma_4_26b_a4b_it.tests.test_optimized_decoder" name="test_optimized_paged_prefill_logical_boundary_lengths[blackhole-full_attention-device_params0-mesh_device0]" time="4.983"><properties><property name="start_timestamp" value="2026-09-05T07:44:08" /><property name="end_timestamp" value="2026-09-05T07:44:13" /></properties></testcase><testcase classname="models.autoports.google_gemma_4_26b_a4b_it.tests.test_optimized_decoder" name="test_optimized_advertised_context_traced_decode[blackhole-full_attention-device_params0-mesh_device0]" time="0.344"><properties><property name="start_timestamp" value="2026-09-05T07:44:13" /><property name="end_timestamp" value="2026-09-05T07:44:13" /></properties><skipped type="pytest.skip" message="set GEMMA4_FUNCTIONAL_DECODER_CONTEXT=1 to run the advertised-context capacity test">/home/hous/dev/tt-metal/models/autoports/google_gemma_4_26b_a4b_it/tests/test_functional_decoder.py:904: set GEMMA4_FUNCTIONAL_DECODER_CONTEXT=1 to run the advertised-context capacity test</skipped></testcase><testcase classname="models.autoports.google_gemma_4_26b_a4b_it.tests.test_optimized_decoder" name="test_optimized_prefill_capacity_probe[blackhole-full_attention-device_params0-mesh_device0]" time="0.323"><properties><property name="start_timestamp" value="2026-09-05T07:44:13" /><property name="end_timestamp" value="2026-09-05T07:44:13" /></properties><skipped type="pytest.skip" message="set GEMMA4_PREFILL_CAPACITY_LENGTH to run a physical prefill-capacity probe">/home/hous/dev/tt-metal/models/autoports/google_gemma_4_26b_a4b_it/tests/test_functional_decoder.py:1127: set GEMMA4_PREFILL_CAPACITY_LENGTH to run a physical prefill-capacity probe</skipped></testcase><testcase classname="models.autoports.google_gemma_4_26b_a4b_it.tests.test_optimized_decoder" name="test_optimized_persistent_allocation_accounting[blackhole-full_attention-device_params0-mesh_device0]" time="3.108"><properties><property name="start_timestamp" value="2026-09-05T07:44:13" /><property name="end_timestamp" value="2026-09-05T07:44:16" /></properties></testcase><testcase classname="models.autoports.google_gemma_4_26b_a4b_it.tests.test_optimized_decoder" name="test_optimized_prefill_batch32_perf[blackhole-full_attention_1024-device_params0-mesh_device0]" time="0.918"><properties><property name="start_timestamp" value="2026-09-05T07:44:16" /><property name="end_timestamp" value="2026-09-05T07:44:17" /></properties><skipped type="pytest.skip" message="set GEMMA4_OPTIMIZED_PREFILL_BATCH32_PERF=1 to run batch-32 prefill">/home/hous/dev/tt-metal/models/autoports/google_gemma_4_26b_a4b_it/tests/test_optimized_decoder.py:700: set GEMMA4_OPTIMIZED_PREFILL_BATCH32_PERF=1 to run batch-32 prefill</skipped></testcase><testcase classname="models.autoports.google_gemma_4_26b_a4b_it.tests.test_optimized_decoder" name="test_optimized_decoder_perf_profile[blackhole-batch1-full_attention_1024-device_params0-mesh_device0]" time="0.324"><properties><property name="start_timestamp" value="2026-09-05T07:44:17" /><property name="end_timestamp" value="2026-09-05T07:44:18" /></properties><skipped type="pytest.skip" message="set GEMMA4_FUNCTIONAL_DECODER_PERF=1 to run the profiler harness">/home/hous/dev/tt-metal/models/autoports/google_gemma_4_26b_a4b_it/tests/test_functional_decoder.py:1600: set GEMMA4_FUNCTIONAL_DECODER_PERF=1 to run the profiler harness</skipped></testcase><testcase classname="models.autoports.google_gemma_4_26b_a4b_it.tests.test_optimized_decoder" name="test_serving_batch32_prefill_perf[blackhole-full_attention-device_params0-mesh_device0]" time="0.334"><properties><property name="start_timestamp" value="2026-09-05T07:44:18" /><property name="end_timestamp" value="2026-09-05T07:44:18" /></properties><skipped type="pytest.skip" message="set GEMMA4_OPT_SERVING_PREFILL_PERF=1 to run serving-batch prefill">/home/hous/dev/tt-metal/models/autoports/google_gemma_4_26b_a4b_it/tests/test_optimized_decoder.py:868: set GEMMA4_OPT_SERVING_PREFILL_PERF=1 to run serving-batch prefill</skipped></testcase><testcase classname="models.autoports.google_gemma_4_26b_a4b_it.tests.test_optimized_decoder" name="test_optimized_real_weights_prefill_decode[blackhole-full_attention_shared_cache_view-device_params0-mesh_device0]" time="3.486"><properties><property name="start_timestamp" value="2026-09-05T07:44:18" /><property name="end_timestamp" value="2026-09-05T07:44:21" /></properties></testcase><testcase classname="models.autoports.google_gemma_4_26b_a4b_it.tests.test_optimized_decoder" name="test_optimized_traced_decode_batch_contract[blackhole-batch32-sliding_attention-device_params0-mesh_device0]" time="3.500"><properties><property name="start_timestamp" value="2026-09-05T07:44:21" /><property name="end_timestamp" value="2026-09-05T07:44:25" /></properties></testcase><testcase classname="models.autoports.google_gemma_4_26b_a4b_it.tests.test_optimized_decoder" name="test_optimized_decoder_perf_profile[blackhole-batch32-sliding_attention_1024-device_params0-mesh_device0]" time="0.337"><properties><property name="start_timestamp" value="2026-09-05T07:44:25" /><property name="end_timestamp" value="2026-09-05T07:44:25" /></properties><skipped type="pytest.skip" message="set GEMMA4_FUNCTIONAL_DECODER_PERF=1 to run the profiler harness">/home/hous/dev/tt-metal/models/autoports/google_gemma_4_26b_a4b_it/tests/test_functional_decoder.py:1600: set GEMMA4_FUNCTIONAL_DECODER_PERF=1 to run the profiler harness</skipped></testcase><testcase classname="models.autoports.google_gemma_4_26b_a4b_it.tests.test_optimized_decoder" name="test_optimized_traced_decode_batch_contract[blackhole-batch32-full_attention-device_params0-mesh_device0]" time="3.820"><properties><property name="start_timestamp" value="2026-09-05T07:44:25" /><property name="end_timestamp" value="2026-09-05T07:44:29" /></properties></testcase><testcase classname="models.autoports.google_gemma_4_26b_a4b_it.tests.test_optimized_decoder" name="test_optimized_decoder_perf_profile[blackhole-batch32-full_attention_1024-device_params0-mesh_device0]" time="0.334"><properties><property name="start_timestamp" value="2026-09-05T07:44:29" /><property name="end_timestamp" value="2026-09-05T07:44:29" /></properties><skipped type="pytest.skip" message="set GEMMA4_FUNCTIONAL_DECODER_PERF=1 to run the profiler harness">/home/hous/dev/tt-metal/models/autoports/google_gemma_4_26b_a4b_it/tests/test_functional_decoder.py:1600: set GEMMA4_FUNCTIONAL_DECODER_PERF=1 to run the profiler harness</skipped></testcase><testcase classname="models.autoports.google_gemma_4_26b_a4b_it.tests.test_optimized_decoder" name="test_optimized_precision_defaults" time="0.205"><properties><property name="start_timestamp" value="2026-09-05T07:44:29" /><property name="end_timestamp" value="2026-09-05T07:44:30" /></properties></testcase><testcase classname="models.autoports.google_gemma_4_26b_a4b_it.tests.test_optimized_decoder" name="test_residual_shard_candidate_geometry_and_env" time="0.191"><properties><property name="start_timestamp" value="2026-09-05T07:44:30" /><property name="end_timestamp" value="2026-09-05T07:44:30" /></properties></testcase><testcase classname="models.autoports.google_gemma_4_26b_a4b_it.tests.test_optimized_decoder" name="test_residual_shard_candidate_has_coherent_static_path" time="0.194"><properties><property name="start_timestamp" value="2026-09-05T07:44:30" /><property name="end_timestamp" value="2026-09-05T07:44:30" /></properties></testcase></testsuite></testsuites>
