<?xml version="1.0" encoding="utf-8"?><testsuites name="pytest tests"><testsuite name="pytest" errors="0" failures="0" skipped="0" tests="4" time="48.652" timestamp="2026-09-05T14:14:21.195756+00:00" hostname="qb2-120-p11t02"><testcase classname="models.autoports.google_gemma_4_26b_a4b_it.tests.test_optimized_decoder" name="test_optimized_decoder_perf_profile[blackhole-batch1-sliding_attention_1024-device_params0-mesh_device0]" time="6.761"><properties><property name="start_timestamp" value="2026-09-05T14:14:22" /><property name="end_timestamp" value="2026-09-05T14:14:28" /></properties></testcase><testcase classname="models.autoports.google_gemma_4_26b_a4b_it.tests.test_optimized_decoder" name="test_optimized_decoder_perf_profile[blackhole-batch1-full_attention_1024-device_params0-mesh_device0]" time="5.833"><properties><property name="start_timestamp" value="2026-09-05T14:14:28" /><property name="end_timestamp" value="2026-09-05T14:14:34" /></properties></testcase><testcase classname="models.autoports.google_gemma_4_26b_a4b_it.tests.test_optimized_decoder" name="test_optimized_decoder_perf_profile[blackhole-batch32-sliding_attention_1024-device_params0-mesh_device0]" time="17.684"><properties><property name="start_timestamp" value="2026-09-05T14:14:34" /><property name="end_timestamp" value="2026-09-05T14:14:52" /></properties></testcase><testcase classname="models.autoports.google_gemma_4_26b_a4b_it.tests.test_optimized_decoder" name="test_optimized_decoder_perf_profile[blackhole-batch32-full_attention_1024-device_params0-mesh_device0]" time="17.509"><properties><property name="start_timestamp" value="2026-09-05T14:14:52" /><property name="end_timestamp" value="2026-09-05T14:15:09" /></properties></testcase></testsuite></testsuites>
