<?xml version="1.0" encoding="utf-8"?><testsuites name="pytest tests"><testsuite name="pytest" errors="0" failures="0" skipped="0" tests="4" time="48.156" timestamp="2026-09-05T11:09:39.078922+00:00" hostname="qb2-120-p11t02"><testcase classname="models.autoports.google_gemma_4_26b_a4b_it.tests.test_optimized_decoder" name="test_optimized_decoder_perf_profile[blackhole-batch1-sliding_attention_1024-device_params0-mesh_device0]" time="6.585"><properties><property name="start_timestamp" value="2026-09-05T11:09:39" /><property name="end_timestamp" value="2026-09-05T11:09:46" /></properties></testcase><testcase classname="models.autoports.google_gemma_4_26b_a4b_it.tests.test_optimized_decoder" name="test_optimized_decoder_perf_profile[blackhole-batch1-full_attention_1024-device_params0-mesh_device0]" time="5.743"><properties><property name="start_timestamp" value="2026-09-05T11:09:46" /><property name="end_timestamp" value="2026-09-05T11:09:52" /></properties></testcase><testcase classname="models.autoports.google_gemma_4_26b_a4b_it.tests.test_optimized_decoder" name="test_optimized_decoder_perf_profile[blackhole-batch32-sliding_attention_1024-device_params0-mesh_device0]" time="17.595"><properties><property name="start_timestamp" value="2026-09-05T11:09:52" /><property name="end_timestamp" value="2026-09-05T11:10:09" /></properties></testcase><testcase classname="models.autoports.google_gemma_4_26b_a4b_it.tests.test_optimized_decoder" name="test_optimized_decoder_perf_profile[blackhole-batch32-full_attention_1024-device_params0-mesh_device0]" time="17.355"><properties><property name="start_timestamp" value="2026-09-05T11:10:09" /><property name="end_timestamp" value="2026-09-05T11:10:27" /></properties></testcase></testsuite></testsuites>
