<?xml version="1.0" encoding="utf-8"?><testsuites name="pytest tests"><testsuite name="pytest" errors="0" failures="0" skipped="0" tests="2" time="26.523" timestamp="2026-09-05T13:21:05.852370+00:00" hostname="qb2-120-p11t02"><testcase classname="models.autoports.google_gemma_4_26b_a4b_it.tests.test_optimized_decoder" name="test_serving_batch32_prefill_perf[blackhole-sliding_attention-device_params0-mesh_device0]" time="12.905"><properties><property name="start_timestamp" value="2026-09-05T13:21:06" /><property name="end_timestamp" value="2026-09-05T13:21:19" /></properties></testcase><testcase classname="models.autoports.google_gemma_4_26b_a4b_it.tests.test_optimized_decoder" name="test_serving_batch32_prefill_perf[blackhole-full_attention-device_params0-mesh_device0]" time="12.747"><properties><property name="start_timestamp" value="2026-09-05T13:21:19" /><property name="end_timestamp" value="2026-09-05T13:21:32" /></properties></testcase></testsuite></testsuites>
