<?xml version="1.0" encoding="utf-8"?><testsuites name="pytest tests"><testsuite name="pytest" errors="0" failures="0" skipped="0" tests="11" time="97.576" timestamp="2026-09-05T14:19:31.236132+00:00" hostname="qb2-120-p11t02"><testcase classname="models.autoports.google_gemma_4_26b_a4b_it.tests.test_optimized_decoder" name="test_optimized_real_weights_prefill_decode[blackhole-sliding_attention_shared_cache-device_params0-mesh_device0]" time="8.599"><properties><property name="start_timestamp" value="2026-09-05T14:19:32" /><property name="end_timestamp" value="2026-09-05T14:19:40" /></properties></testcase><testcase classname="models.autoports.google_gemma_4_26b_a4b_it.tests.test_optimized_decoder" name="test_optimized_nonaligned_prefill_cache_consuming_decode[blackhole-kv_bf16-sliding_attention_bounded_wrap-device_params0-mesh_device0]" time="9.218"><properties><property name="start_timestamp" value="2026-09-05T14:19:40" /><property name="end_timestamp" value="2026-09-05T14:19:49" /></properties></testcase><testcase classname="models.autoports.google_gemma_4_26b_a4b_it.tests.test_optimized_decoder" name="test_optimized_trace_mutable_stable_buffers[blackhole-sliding_attention-device_params0-mesh_device0]" time="7.879"><properties><property name="start_timestamp" value="2026-09-05T14:19:49" /><property name="end_timestamp" value="2026-09-05T14:19:57" /></properties></testcase><testcase classname="models.autoports.google_gemma_4_26b_a4b_it.tests.test_optimized_decoder" name="test_optimized_bounded_modulo_decode_stress[blackhole-device_params0-mesh_device0]" time="21.818"><properties><property name="start_timestamp" value="2026-09-05T14:19:57" /><property name="end_timestamp" value="2026-09-05T14:20:19" /></properties></testcase><testcase classname="models.autoports.google_gemma_4_26b_a4b_it.tests.test_optimized_decoder" name="test_optimized_real_weights_prefill_decode[blackhole-full_attention_natural_cache-device_params0-mesh_device0]" time="6.350"><properties><property name="start_timestamp" value="2026-09-05T14:20:19" /><property name="end_timestamp" value="2026-09-05T14:20:25" /></properties></testcase><testcase classname="models.autoports.google_gemma_4_26b_a4b_it.tests.test_optimized_decoder" name="test_optimized_nonaligned_prefill_cache_consuming_decode[blackhole-kv_bf16-full_attention_natural_cache-device_params0-mesh_device0]" time="6.682"><properties><property name="start_timestamp" value="2026-09-05T14:20:25" /><property name="end_timestamp" value="2026-09-05T14:20:32" /></properties></testcase><testcase classname="models.autoports.google_gemma_4_26b_a4b_it.tests.test_optimized_decoder" name="test_optimized_trace_mutable_stable_buffers[blackhole-full_attention_shared_hma-device_params0-mesh_device0]" time="7.883"><properties><property name="start_timestamp" value="2026-09-05T14:20:32" /><property name="end_timestamp" value="2026-09-05T14:20:40" /></properties></testcase><testcase classname="models.autoports.google_gemma_4_26b_a4b_it.tests.test_optimized_decoder" name="test_optimized_real_weights_prefill_decode[blackhole-full_attention_shared_cache_view-device_params0-mesh_device0]" time="6.805"><properties><property name="start_timestamp" value="2026-09-05T14:20:40" /><property name="end_timestamp" value="2026-09-05T14:20:47" /></properties></testcase><testcase classname="models.autoports.google_gemma_4_26b_a4b_it.tests.test_optimized_decoder" name="test_optimized_nonaligned_prefill_cache_consuming_decode[blackhole-kv_bf16-full_attention_shared_cache_view-device_params0-mesh_device0]" time="6.640"><properties><property name="start_timestamp" value="2026-09-05T14:20:47" /><property name="end_timestamp" value="2026-09-05T14:20:54" /></properties></testcase><testcase classname="models.autoports.google_gemma_4_26b_a4b_it.tests.test_optimized_decoder" name="test_optimized_traced_decode_batch_contract[blackhole-batch32-sliding_attention-device_params0-mesh_device0]" time="6.676"><properties><property name="start_timestamp" value="2026-09-05T14:20:54" /><property name="end_timestamp" value="2026-09-05T14:21:00" /></properties></testcase><testcase classname="models.autoports.google_gemma_4_26b_a4b_it.tests.test_optimized_decoder" name="test_optimized_traced_decode_batch_contract[blackhole-batch32-full_attention-device_params0-mesh_device0]" time="8.134"><properties><property name="start_timestamp" value="2026-09-05T14:21:00" /><property name="end_timestamp" value="2026-09-05T14:21:08" /></properties></testcase></testsuite></testsuites>
