<?xml version="1.0" encoding="utf-8"?><testsuites name="pytest tests"><testsuite name="pytest" errors="0" failures="0" skipped="0" tests="2" time="11.542" timestamp="2026-09-05T22:25:55.252369+00:00" hostname="qb2-120-p11t02"><testcase classname="models.autoports.google_gemma_4_26b_a4b_it.tests.test_multichip_decoder" name="test_required_profile_perf_profile[blackhole-sliding_attention-p150x2_tp2-mesh_device0-device_params0]" time="5.698"><properties><property name="start_timestamp" value="2026-09-05T22:25:56" /><property name="end_timestamp" value="2026-09-05T22:26:01" /></properties></testcase><testcase classname="models.autoports.google_gemma_4_26b_a4b_it.tests.test_multichip_decoder" name="test_required_profile_perf_profile[blackhole-full_attention-p150x2_tp2-mesh_device0-device_params0]" time="4.973"><properties><property name="start_timestamp" value="2026-09-05T22:26:01" /><property name="end_timestamp" value="2026-09-05T22:26:06" /></properties></testcase></testsuite></testsuites>
