<?xml version="1.0" encoding="utf-8"?><testsuites name="pytest tests"><testsuite name="pytest" errors="0" failures="0" skipped="0" tests="108" time="726.660" timestamp="2026-09-22T13:47:37.308684-04:00" hostname="tt-quietbox"><testcase classname="models.autoports.meta_models_muse_glimmer_30b.tests.test_multichip_decoder" name="test_prefill_pcc[1-sliding]" time="14.451"><properties><property name="start_timestamp" value="2026-09-22T13:47:44" /><property name="end_timestamp" value="2026-09-22T13:47:52" /></properties></testcase><testcase classname="models.autoports.meta_models_muse_glimmer_30b.tests.test_multichip_decoder" name="test_prefill_pcc[1-full]" time="4.278"><properties><property name="start_timestamp" value="2026-09-22T13:47:52" /><property name="end_timestamp" value="2026-09-22T13:47:57" /></properties></testcase><testcase classname="models.autoports.meta_models_muse_glimmer_30b.tests.test_multichip_decoder" name="test_prefill_pcc[100-sliding]" time="2.036"><properties><property name="start_timestamp" value="2026-09-22T13:47:57" /><property name="end_timestamp" value="2026-09-22T13:47:59" /></properties></testcase><testcase classname="models.autoports.meta_models_muse_glimmer_30b.tests.test_multichip_decoder" name="test_prefill_pcc[100-full]" time="0.278"><properties><property name="start_timestamp" value="2026-09-22T13:47:59" /><property name="end_timestamp" value="2026-09-22T13:47:59" /></properties></testcase><testcase classname="models.autoports.meta_models_muse_glimmer_30b.tests.test_multichip_decoder" name="test_prefill_pcc[128-sliding]" time="0.555"><properties><property name="start_timestamp" value="2026-09-22T13:47:59" /><property name="end_timestamp" value="2026-09-22T13:47:59" /></properties></testcase><testcase classname="models.autoports.meta_models_muse_glimmer_30b.tests.test_multichip_decoder" name="test_prefill_pcc[128-full]" time="0.269"><properties><property name="start_timestamp" value="2026-09-22T13:47:59" /><property name="end_timestamp" value="2026-09-22T13:48:00" /></properties></testcase><testcase classname="models.autoports.meta_models_muse_glimmer_30b.tests.test_multichip_decoder" name="test_prefill_pcc[256-sliding]" time="1.706"><properties><property name="start_timestamp" value="2026-09-22T13:48:00" /><property name="end_timestamp" value="2026-09-22T13:48:01" /></properties></testcase><testcase classname="models.autoports.meta_models_muse_glimmer_30b.tests.test_multichip_decoder" name="test_prefill_pcc[256-full]" time="0.316"><properties><property name="start_timestamp" value="2026-09-22T13:48:01" /><property name="end_timestamp" value="2026-09-22T13:48:02" /></properties></testcase><testcase classname="models.autoports.meta_models_muse_glimmer_30b.tests.test_multichip_decoder" name="test_prefill_pcc[2048-sliding]" time="9.366"><properties><property name="start_timestamp" value="2026-09-22T13:48:02" /><property name="end_timestamp" value="2026-09-22T13:48:11" /></properties></testcase><testcase classname="models.autoports.meta_models_muse_glimmer_30b.tests.test_multichip_decoder" name="test_prefill_pcc[2048-full]" time="2.267"><properties><property name="start_timestamp" value="2026-09-22T13:48:11" /><property name="end_timestamp" value="2026-09-22T13:48:13" /></properties></testcase><testcase classname="models.autoports.meta_models_muse_glimmer_30b.tests.test_multichip_decoder" name="test_prefill_pcc[2049-sliding]" time="3.190"><properties><property name="start_timestamp" value="2026-09-22T13:48:13" /><property name="end_timestamp" value="2026-09-22T13:48:17" /></properties></testcase><testcase classname="models.autoports.meta_models_muse_glimmer_30b.tests.test_multichip_decoder" name="test_prefill_pcc[2049-full]" time="1.346"><properties><property name="start_timestamp" value="2026-09-22T13:48:17" /><property name="end_timestamp" value="2026-09-22T13:48:18" /></properties></testcase><testcase classname="models.autoports.meta_models_muse_glimmer_30b.tests.test_multichip_decoder" name="test_prefill_pcc[4097-sliding]" time="10.647"><properties><property name="start_timestamp" value="2026-09-22T13:48:18" /><property name="end_timestamp" value="2026-09-22T13:48:29" /></properties></testcase><testcase classname="models.autoports.meta_models_muse_glimmer_30b.tests.test_multichip_decoder" name="test_prefill_pcc[4097-full]" time="3.634"><properties><property name="start_timestamp" value="2026-09-22T13:48:29" /><property name="end_timestamp" value="2026-09-22T13:48:32" /></properties></testcase><testcase classname="models.autoports.meta_models_muse_glimmer_30b.tests.test_multichip_decoder" name="test_prefill_pcc[8192-sliding]" time="7.976"><properties><property name="start_timestamp" value="2026-09-22T13:48:32" /><property name="end_timestamp" value="2026-09-22T13:48:40" /></properties></testcase><testcase classname="models.autoports.meta_models_muse_glimmer_30b.tests.test_multichip_decoder" name="test_prefill_pcc[8192-full]" time="5.118"><properties><property name="start_timestamp" value="2026-09-22T13:48:40" /><property name="end_timestamp" value="2026-09-22T13:48:45" /></properties></testcase><testcase classname="models.autoports.meta_models_muse_glimmer_30b.tests.test_multichip_decoder" name="test_prefill_pcc[8193-sliding]" time="6.466"><properties><property name="start_timestamp" value="2026-09-22T13:48:45" /><property name="end_timestamp" value="2026-09-22T13:48:52" /></properties></testcase><testcase classname="models.autoports.meta_models_muse_glimmer_30b.tests.test_multichip_decoder" name="test_prefill_pcc[8193-full]" time="6.398"><properties><property name="start_timestamp" value="2026-09-22T13:48:52" /><property name="end_timestamp" value="2026-09-22T13:48:58" /></properties></testcase><testcase classname="models.autoports.meta_models_muse_glimmer_30b.tests.test_multichip_decoder" name="test_prefill_pcc[12345-sliding]" time="17.169"><properties><property name="start_timestamp" value="2026-09-22T13:48:58" /><property name="end_timestamp" value="2026-09-22T13:49:15" /></properties></testcase><testcase classname="models.autoports.meta_models_muse_glimmer_30b.tests.test_multichip_decoder" name="test_prefill_pcc[12345-full]" time="9.423"><properties><property name="start_timestamp" value="2026-09-22T13:49:15" /><property name="end_timestamp" value="2026-09-22T13:49:25" /></properties></testcase><testcase classname="models.autoports.meta_models_muse_glimmer_30b.tests.test_multichip_decoder" name="test_decode_pcc[100-sliding]" time="3.099"><properties><property name="start_timestamp" value="2026-09-22T13:49:25" /><property name="end_timestamp" value="2026-09-22T13:49:28" /></properties></testcase><testcase classname="models.autoports.meta_models_muse_glimmer_30b.tests.test_multichip_decoder" name="test_decode_pcc[100-full]" time="1.473"><properties><property name="start_timestamp" value="2026-09-22T13:49:28" /><property name="end_timestamp" value="2026-09-22T13:49:29" /></properties></testcase><testcase classname="models.autoports.meta_models_muse_glimmer_30b.tests.test_multichip_decoder" name="test_decode_pcc[2048-sliding]" time="1.448"><properties><property name="start_timestamp" value="2026-09-22T13:49:29" /><property name="end_timestamp" value="2026-09-22T13:49:31" /></properties></testcase><testcase classname="models.autoports.meta_models_muse_glimmer_30b.tests.test_multichip_decoder" name="test_decode_pcc[2048-full]" time="1.394"><properties><property name="start_timestamp" value="2026-09-22T13:49:31" /><property name="end_timestamp" value="2026-09-22T13:49:32" /></properties></testcase><testcase classname="models.autoports.meta_models_muse_glimmer_30b.tests.test_multichip_decoder" name="test_decode_pcc[3000-sliding]" time="9.615"><properties><property name="start_timestamp" value="2026-09-22T13:49:32" /><property name="end_timestamp" value="2026-09-22T13:49:42" /></properties></testcase><testcase classname="models.autoports.meta_models_muse_glimmer_30b.tests.test_multichip_decoder" name="test_decode_pcc[3000-full]" time="2.825"><properties><property name="start_timestamp" value="2026-09-22T13:49:42" /><property name="end_timestamp" value="2026-09-22T13:49:45" /></properties></testcase><testcase classname="models.autoports.meta_models_muse_glimmer_30b.tests.test_multichip_decoder" name="test_continuation_prefill[4096-3000-sliding]" time="11.629"><properties><property name="start_timestamp" value="2026-09-22T13:49:45" /><property name="end_timestamp" value="2026-09-22T13:49:56" /></properties></testcase><testcase classname="models.autoports.meta_models_muse_glimmer_30b.tests.test_multichip_decoder" name="test_continuation_prefill[4096-3000-full]" time="9.064"><properties><property name="start_timestamp" value="2026-09-22T13:49:56" /><property name="end_timestamp" value="2026-09-22T13:50:05" /></properties></testcase><testcase classname="models.autoports.meta_models_muse_glimmer_30b.tests.test_multichip_decoder" name="test_continuation_prefill[1024-1024-sliding]" time="3.893"><properties><property name="start_timestamp" value="2026-09-22T13:50:05" /><property name="end_timestamp" value="2026-09-22T13:50:09" /></properties></testcase><testcase classname="models.autoports.meta_models_muse_glimmer_30b.tests.test_multichip_decoder" name="test_continuation_prefill[1024-1024-full]" time="3.128"><properties><property name="start_timestamp" value="2026-09-22T13:50:09" /><property name="end_timestamp" value="2026-09-22T13:50:12" /></properties></testcase><testcase classname="models.autoports.meta_models_muse_glimmer_30b.tests.test_multichip_decoder" name="test_continuation_prefill[64-100-sliding]" time="2.654"><properties><property name="start_timestamp" value="2026-09-22T13:50:12" /><property name="end_timestamp" value="2026-09-22T13:50:15" /></properties></testcase><testcase classname="models.autoports.meta_models_muse_glimmer_30b.tests.test_multichip_decoder" name="test_continuation_prefill[64-100-full]" time="1.298"><properties><property name="start_timestamp" value="2026-09-22T13:50:15" /><property name="end_timestamp" value="2026-09-22T13:50:16" /></properties></testcase><testcase classname="models.autoports.meta_models_muse_glimmer_30b.tests.test_multichip_decoder" name="test_batched_prefill_decode_pcc[4-sliding]" time="27.369"><properties><property name="start_timestamp" value="2026-09-22T13:50:16" /><property name="end_timestamp" value="2026-09-22T13:50:44" /></properties></testcase><testcase classname="models.autoports.meta_models_muse_glimmer_30b.tests.test_multichip_decoder" name="test_batched_prefill_decode_pcc[4-full]" time="11.782"><properties><property name="start_timestamp" value="2026-09-22T13:50:44" /><property name="end_timestamp" value="2026-09-22T13:50:55" /></properties></testcase><testcase classname="models.autoports.meta_models_muse_glimmer_30b.tests.test_multichip_decoder" name="test_batched_prefill_decode_pcc[13-sliding]" time="51.499"><properties><property name="start_timestamp" value="2026-09-22T13:50:55" /><property name="end_timestamp" value="2026-09-22T13:51:47" /></properties></testcase><testcase classname="models.autoports.meta_models_muse_glimmer_30b.tests.test_multichip_decoder" name="test_batched_prefill_decode_pcc[13-full]" time="23.680"><properties><property name="start_timestamp" value="2026-09-22T13:51:47" /><property name="end_timestamp" value="2026-09-22T13:52:11" /></properties></testcase><testcase classname="models.autoports.meta_models_muse_glimmer_30b.tests.test_multichip_decoder" name="test_batched_prefill_decode_pcc[32-sliding]" time="42.176"><properties><property name="start_timestamp" value="2026-09-22T13:52:11" /><property name="end_timestamp" value="2026-09-22T13:52:53" /></properties></testcase><testcase classname="models.autoports.meta_models_muse_glimmer_30b.tests.test_multichip_decoder" name="test_batched_prefill_decode_pcc[32-full]" time="40.430"><properties><property name="start_timestamp" value="2026-09-22T13:52:53" /><property name="end_timestamp" value="2026-09-22T13:53:33" /></properties></testcase><testcase classname="models.autoports.meta_models_muse_glimmer_30b.tests.test_multichip_decoder" name="test_multi_chunk_prefill_nonzero_user[sliding]" time="14.982"><properties><property name="start_timestamp" value="2026-09-22T13:53:33" /><property name="end_timestamp" value="2026-09-22T13:53:48" /></properties></testcase><testcase classname="models.autoports.meta_models_muse_glimmer_30b.tests.test_multichip_decoder" name="test_multi_chunk_prefill_nonzero_user[full]" time="13.455"><properties><property name="start_timestamp" value="2026-09-22T13:53:48" /><property name="end_timestamp" value="2026-09-22T13:54:02" /></properties></testcase><testcase classname="models.autoports.meta_models_muse_glimmer_30b.tests.test_multichip_decoder" name="test_prefill_decode_pcc_vs_fp32_reference[sliding]" time="9.804"><properties><property name="start_timestamp" value="2026-09-22T13:54:02" /><property name="end_timestamp" value="2026-09-22T13:54:11" /></properties></testcase><testcase classname="models.autoports.meta_models_muse_glimmer_30b.tests.test_multichip_decoder" name="test_prefill_decode_pcc_vs_fp32_reference[full]" time="9.690"><properties><property name="start_timestamp" value="2026-09-22T13:54:11" /><property name="end_timestamp" value="2026-09-22T13:54:21" /></properties></testcase><testcase classname="models.autoports.meta_models_muse_glimmer_30b.tests.test_multichip_decoder" name="test_full_context_prefill[131072-sliding]" time="12.131"><properties><property name="start_timestamp" value="2026-09-22T13:54:21" /><property name="end_timestamp" value="2026-09-22T13:54:33" /></properties></testcase><testcase classname="models.autoports.meta_models_muse_glimmer_30b.tests.test_multichip_decoder" name="test_full_context_prefill[131072-full]" time="12.871"><properties><property name="start_timestamp" value="2026-09-22T13:54:33" /><property name="end_timestamp" value="2026-09-22T13:54:46" /></properties></testcase><testcase classname="models.autoports.meta_models_muse_glimmer_30b.tests.test_multichip_decoder" name="test_full_context_prefill[130073-sliding]" time="14.381"><properties><property name="start_timestamp" value="2026-09-22T13:54:46" /><property name="end_timestamp" value="2026-09-22T13:55:00" /></properties></testcase><testcase classname="models.autoports.meta_models_muse_glimmer_30b.tests.test_multichip_decoder" name="test_full_context_prefill[130073-full]" time="7.571"><properties><property name="start_timestamp" value="2026-09-22T13:55:00" /><property name="end_timestamp" value="2026-09-22T13:55:08" /></properties></testcase><testcase classname="models.autoports.meta_models_muse_glimmer_30b.tests.test_multichip_decoder" name="test_full_context_decode[131071-sliding]" time="7.593"><properties><property name="start_timestamp" value="2026-09-22T13:55:08" /><property name="end_timestamp" value="2026-09-22T13:55:16" /></properties></testcase><testcase classname="models.autoports.meta_models_muse_glimmer_30b.tests.test_multichip_decoder" name="test_full_context_decode[131071-full]" time="7.363"><properties><property name="start_timestamp" value="2026-09-22T13:55:16" /><property name="end_timestamp" value="2026-09-22T13:55:23" /></properties></testcase><testcase classname="models.autoports.meta_models_muse_glimmer_30b.tests.test_multichip_decoder" name="test_full_context_decode[130073-sliding]" time="6.086"><properties><property name="start_timestamp" value="2026-09-22T13:55:23" /><property name="end_timestamp" value="2026-09-22T13:55:29" /></properties></testcase><testcase classname="models.autoports.meta_models_muse_glimmer_30b.tests.test_multichip_decoder" name="test_full_context_decode[130073-full]" time="6.224"><properties><property name="start_timestamp" value="2026-09-22T13:55:29" /><property name="end_timestamp" value="2026-09-22T13:55:35" /></properties></testcase><testcase classname="models.autoports.meta_models_muse_glimmer_30b.tests.test_multichip_decoder" name="test_traced_decode_pcc[sliding]" time="5.171"><properties><property name="start_timestamp" value="2026-09-22T13:55:35" /><property name="end_timestamp" value="2026-09-22T13:55:41" /></properties></testcase><testcase classname="models.autoports.meta_models_muse_glimmer_30b.tests.test_multichip_decoder" name="test_traced_decode_pcc[full]" time="5.107"><properties><property name="start_timestamp" value="2026-09-22T13:55:41" /><property name="end_timestamp" value="2026-09-22T13:55:46" /></properties></testcase><testcase classname="models.autoports.meta_models_muse_glimmer_30b.tests.test_multichip_decoder" name="test_decode_soak[sliding]" time="2.564"><properties><property name="start_timestamp" value="2026-09-22T13:55:46" /><property name="end_timestamp" value="2026-09-22T13:55:48" /></properties></testcase><testcase classname="models.autoports.meta_models_muse_glimmer_30b.tests.test_multichip_decoder" name="test_decode_soak[full]" time="2.487"><properties><property name="start_timestamp" value="2026-09-22T13:55:48" /><property name="end_timestamp" value="2026-09-22T13:55:51" /></properties></testcase><testcase classname="models.autoports.meta_models_muse_glimmer_30b.tests.test_multichip_decoder" name="test_determinism[sliding]" time="0.287"><properties><property name="start_timestamp" value="2026-09-22T13:55:51" /><property name="end_timestamp" value="2026-09-22T13:55:51" /></properties></testcase><testcase classname="models.autoports.meta_models_muse_glimmer_30b.tests.test_multichip_decoder" name="test_determinism[full]" time="0.286"><properties><property name="start_timestamp" value="2026-09-22T13:55:51" /><property name="end_timestamp" value="2026-09-22T13:55:51" /></properties></testcase><testcase classname="models.autoports.meta_models_muse_glimmer_30b.tests.test_multichip_decoder" name="test_no_host_fallback_in_forward[3000-sliding]" time="0.315"><properties><property name="start_timestamp" value="2026-09-22T13:55:51" /><property name="end_timestamp" value="2026-09-22T13:55:52" /></properties></testcase><testcase classname="models.autoports.meta_models_muse_glimmer_30b.tests.test_multichip_decoder" name="test_no_host_fallback_in_forward[3000-full]" time="0.307"><properties><property name="start_timestamp" value="2026-09-22T13:55:52" /><property name="end_timestamp" value="2026-09-22T13:55:52" /></properties></testcase><testcase classname="models.autoports.meta_models_muse_glimmer_30b.tests.test_multichip_decoder" name="test_no_host_fallback_in_forward[12345-sliding]" time="0.656"><properties><property name="start_timestamp" value="2026-09-22T13:55:52" /><property name="end_timestamp" value="2026-09-22T13:55:53" /></properties></testcase><testcase classname="models.autoports.meta_models_muse_glimmer_30b.tests.test_multichip_decoder" name="test_no_host_fallback_in_forward[12345-full]" time="0.647"><properties><property name="start_timestamp" value="2026-09-22T13:55:53" /><property name="end_timestamp" value="2026-09-22T13:55:53" /></properties></testcase><testcase classname="models.autoports.meta_models_muse_glimmer_30b.tests.test_multichip_decoder" name="test_real_weights_prefill_pcc[1-sliding]" time="4.352"><properties><property name="start_timestamp" value="2026-09-22T13:55:53" /><property name="end_timestamp" value="2026-09-22T13:55:58" /></properties></testcase><testcase classname="models.autoports.meta_models_muse_glimmer_30b.tests.test_multichip_decoder" name="test_real_weights_prefill_pcc[1-full]" time="4.298"><properties><property name="start_timestamp" value="2026-09-22T13:55:58" /><property name="end_timestamp" value="2026-09-22T13:56:02" /></properties></testcase><testcase classname="models.autoports.meta_models_muse_glimmer_30b.tests.test_multichip_decoder" name="test_real_weights_prefill_pcc[100-sliding]" time="1.555"><properties><property name="start_timestamp" value="2026-09-22T13:56:02" /><property name="end_timestamp" value="2026-09-22T13:56:03" /></properties></testcase><testcase classname="models.autoports.meta_models_muse_glimmer_30b.tests.test_multichip_decoder" name="test_real_weights_prefill_pcc[100-full]" time="1.546"><properties><property name="start_timestamp" value="2026-09-22T13:56:03" /><property name="end_timestamp" value="2026-09-22T13:56:05" /></properties></testcase><testcase classname="models.autoports.meta_models_muse_glimmer_30b.tests.test_multichip_decoder" name="test_real_weights_prefill_pcc[2049-sliding]" time="2.570"><properties><property name="start_timestamp" value="2026-09-22T13:56:05" /><property name="end_timestamp" value="2026-09-22T13:56:07" /></properties></testcase><testcase classname="models.autoports.meta_models_muse_glimmer_30b.tests.test_multichip_decoder" name="test_real_weights_prefill_pcc[2049-full]" time="2.537"><properties><property name="start_timestamp" value="2026-09-22T13:56:07" /><property name="end_timestamp" value="2026-09-22T13:56:10" /></properties></testcase><testcase classname="models.autoports.meta_models_muse_glimmer_30b.tests.test_multichip_decoder" name="test_real_weights_prefill_pcc[4097-sliding]" time="4.047"><properties><property name="start_timestamp" value="2026-09-22T13:56:10" /><property name="end_timestamp" value="2026-09-22T13:56:14" /></properties></testcase><testcase classname="models.autoports.meta_models_muse_glimmer_30b.tests.test_multichip_decoder" name="test_real_weights_prefill_pcc[4097-full]" time="3.790"><properties><property name="start_timestamp" value="2026-09-22T13:56:14" /><property name="end_timestamp" value="2026-09-22T13:56:18" /></properties></testcase><testcase classname="models.autoports.meta_models_muse_glimmer_30b.tests.test_multichip_decoder" name="test_real_weights_prefill_pcc[8193-sliding]" time="7.031"><properties><property name="start_timestamp" value="2026-09-22T13:56:18" /><property name="end_timestamp" value="2026-09-22T13:56:25" /></properties></testcase><testcase classname="models.autoports.meta_models_muse_glimmer_30b.tests.test_multichip_decoder" name="test_real_weights_prefill_pcc[8193-full]" time="6.360"><properties><property name="start_timestamp" value="2026-09-22T13:56:25" /><property name="end_timestamp" value="2026-09-22T13:56:31" /></properties></testcase><testcase classname="models.autoports.meta_models_muse_glimmer_30b.tests.test_multichip_decoder" name="test_real_weights_prefill_pcc[12345-sliding]" time="10.913"><properties><property name="start_timestamp" value="2026-09-22T13:56:31" /><property name="end_timestamp" value="2026-09-22T13:56:42" /></properties></testcase><testcase classname="models.autoports.meta_models_muse_glimmer_30b.tests.test_multichip_decoder" name="test_real_weights_prefill_pcc[12345-full]" time="9.367"><properties><property name="start_timestamp" value="2026-09-22T13:56:42" /><property name="end_timestamp" value="2026-09-22T13:56:52" /></properties></testcase><testcase classname="models.autoports.meta_models_muse_glimmer_30b.tests.test_multichip_decoder" name="test_real_weights_decode_pcc[sliding]" time="3.240"><properties><property name="start_timestamp" value="2026-09-22T13:56:52" /><property name="end_timestamp" value="2026-09-22T13:56:55" /></properties></testcase><testcase classname="models.autoports.meta_models_muse_glimmer_30b.tests.test_multichip_decoder" name="test_real_weights_decode_pcc[full]" time="3.135"><properties><property name="start_timestamp" value="2026-09-22T13:56:55" /><property name="end_timestamp" value="2026-09-22T13:56:58" /></properties></testcase><testcase classname="models.autoports.meta_models_muse_glimmer_30b.tests.test_multichip_decoder" name="test_real_weights_traced_decode_and_batch[sliding]" time="63.833"><properties><property name="start_timestamp" value="2026-09-22T13:56:58" /><property name="end_timestamp" value="2026-09-22T13:58:02" /></properties></testcase><testcase classname="models.autoports.meta_models_muse_glimmer_30b.tests.test_multichip_decoder" name="test_real_weights_traced_decode_and_batch[full]" time="16.436"><properties><property name="start_timestamp" value="2026-09-22T13:58:02" /><property name="end_timestamp" value="2026-09-22T13:58:18" /></properties></testcase><testcase classname="models.autoports.meta_models_muse_glimmer_30b.tests.test_multichip_decoder" name="test_plan_matches_the_hardware[sliding]" time="4.472"><properties><property name="start_timestamp" value="2026-09-22T13:58:18" /><property name="end_timestamp" value="2026-09-22T13:58:23" /></properties></testcase><testcase classname="models.autoports.meta_models_muse_glimmer_30b.tests.test_multichip_decoder" name="test_plan_matches_the_hardware[full]" time="4.432"><properties><property name="start_timestamp" value="2026-09-22T13:58:23" /><property name="end_timestamp" value="2026-09-22T13:58:27" /></properties></testcase><testcase classname="models.autoports.meta_models_muse_glimmer_30b.tests.test_multichip_decoder" name="test_per_device_weight_shapes[sliding]" time="0.248"><properties><property name="start_timestamp" value="2026-09-22T13:58:27" /><property name="end_timestamp" value="2026-09-22T13:58:27" /></properties></testcase><testcase classname="models.autoports.meta_models_muse_glimmer_30b.tests.test_multichip_decoder" name="test_per_device_weight_shapes[full]" time="0.229"><properties><property name="start_timestamp" value="2026-09-22T13:58:27" /><property name="end_timestamp" value="2026-09-22T13:58:28" /></properties></testcase><testcase classname="models.autoports.meta_models_muse_glimmer_30b.tests.test_multichip_decoder" name="test_qkv_weight_is_gqa_assigned[sliding]" time="2.048"><properties><property name="start_timestamp" value="2026-09-22T13:58:28" /><property name="end_timestamp" value="2026-09-22T13:58:30" /></properties></testcase><testcase classname="models.autoports.meta_models_muse_glimmer_30b.tests.test_multichip_decoder" name="test_qkv_weight_is_gqa_assigned[full]" time="2.062"><properties><property name="start_timestamp" value="2026-09-22T13:58:30" /><property name="end_timestamp" value="2026-09-22T13:58:32" /></properties></testcase><testcase classname="models.autoports.meta_models_muse_glimmer_30b.tests.test_multichip_decoder" name="test_mlp_padding_is_inert[sliding]" time="2.085"><properties><property name="start_timestamp" value="2026-09-22T13:58:32" /><property name="end_timestamp" value="2026-09-22T13:58:34" /></properties></testcase><testcase classname="models.autoports.meta_models_muse_glimmer_30b.tests.test_multichip_decoder" name="test_mlp_padding_is_inert[full]" time="2.058"><properties><property name="start_timestamp" value="2026-09-22T13:58:34" /><property name="end_timestamp" value="2026-09-22T13:58:36" /></properties></testcase><testcase classname="models.autoports.meta_models_muse_glimmer_30b.tests.test_multichip_decoder" name="test_decode_uses_dram_sharded_matmuls[sliding]" time="0.244"><properties><property name="start_timestamp" value="2026-09-22T13:58:36" /><property name="end_timestamp" value="2026-09-22T13:58:36" /></properties></testcase><testcase classname="models.autoports.meta_models_muse_glimmer_30b.tests.test_multichip_decoder" name="test_decode_uses_dram_sharded_matmuls[full]" time="0.232"><properties><property name="start_timestamp" value="2026-09-22T13:58:36" /><property name="end_timestamp" value="2026-09-22T13:58:36" /></properties></testcase><testcase classname="models.autoports.meta_models_muse_glimmer_30b.tests.test_multichip_decoder" name="test_collective_implementation_is_split_by_payload[sliding]" time="1.799"><properties><property name="start_timestamp" value="2026-09-22T13:58:36" /><property name="end_timestamp" value="2026-09-22T13:58:38" /></properties></testcase><testcase classname="models.autoports.meta_models_muse_glimmer_30b.tests.test_multichip_decoder" name="test_collective_implementation_is_split_by_payload[full]" time="0.282"><properties><property name="start_timestamp" value="2026-09-22T13:58:38" /><property name="end_timestamp" value="2026-09-22T13:58:38" /></properties></testcase><testcase classname="models.autoports.meta_models_muse_glimmer_30b.tests.test_multichip_decoder" name="test_fractured_prefill_norm_matches_the_full_width_one[sliding]" time="5.239"><properties><property name="start_timestamp" value="2026-09-22T13:58:38" /><property name="end_timestamp" value="2026-09-22T13:58:44" /></properties></testcase><testcase classname="models.autoports.meta_models_muse_glimmer_30b.tests.test_multichip_decoder" name="test_fractured_prefill_norm_matches_the_full_width_one[full]" time="4.587"><properties><property name="start_timestamp" value="2026-09-22T13:58:44" /><property name="end_timestamp" value="2026-09-22T13:58:48" /></properties></testcase><testcase classname="models.autoports.meta_models_muse_glimmer_30b.tests.test_multichip_decoder" name="test_decode_boundary_layout_is_a_fixed_point[sliding]" time="4.383"><properties><property name="start_timestamp" value="2026-09-22T13:58:48" /><property name="end_timestamp" value="2026-09-22T13:58:53" /></properties></testcase><testcase classname="models.autoports.meta_models_muse_glimmer_30b.tests.test_multichip_decoder" name="test_decode_boundary_layout_is_a_fixed_point[full]" time="0.219"><properties><property name="start_timestamp" value="2026-09-22T13:58:53" /><property name="end_timestamp" value="2026-09-22T13:58:53" /></properties></testcase><testcase classname="models.autoports.meta_models_muse_glimmer_30b.tests.test_multichip_decoder" name="test_decode_has_exactly_two_collectives[sliding]" time="0.652"><properties><property name="start_timestamp" value="2026-09-22T13:58:53" /><property name="end_timestamp" value="2026-09-22T13:58:53" /></properties></testcase><testcase classname="models.autoports.meta_models_muse_glimmer_30b.tests.test_multichip_decoder" name="test_decode_has_exactly_two_collectives[full]" time="0.694"><properties><property name="start_timestamp" value="2026-09-22T13:58:53" /><property name="end_timestamp" value="2026-09-22T13:58:54" /></properties></testcase><testcase classname="models.autoports.meta_models_muse_glimmer_30b.tests.test_multichip_decoder" name="test_qkv_output_shard_is_padded_not_wrong[sliding]" time="0.339"><properties><property name="start_timestamp" value="2026-09-22T13:58:54" /><property name="end_timestamp" value="2026-09-22T13:58:54" /></properties></testcase><testcase classname="models.autoports.meta_models_muse_glimmer_30b.tests.test_multichip_decoder" name="test_qkv_output_shard_is_padded_not_wrong[full]" time="0.340"><properties><property name="start_timestamp" value="2026-09-22T13:58:54" /><property name="end_timestamp" value="2026-09-22T13:58:55" /></properties></testcase><testcase classname="models.autoports.meta_models_muse_glimmer_30b.tests.test_multichip_decoder" name="test_layer_output_dtype_is_the_activation_dtype[sliding]" time="0.266"><properties><property name="start_timestamp" value="2026-09-22T13:58:55" /><property name="end_timestamp" value="2026-09-22T13:58:55" /></properties></testcase><testcase classname="models.autoports.meta_models_muse_glimmer_30b.tests.test_multichip_decoder" name="test_layer_output_dtype_is_the_activation_dtype[full]" time="0.266"><properties><property name="start_timestamp" value="2026-09-22T13:58:55" /><property name="end_timestamp" value="2026-09-22T13:58:55" /></properties></testcase><testcase classname="models.autoports.meta_models_muse_glimmer_30b.tests.test_multichip_decoder" name="test_two_layers_stack" time="17.376"><properties><property name="start_timestamp" value="2026-09-22T13:58:55" /><property name="end_timestamp" value="2026-09-22T13:59:13" /></properties></testcase><testcase classname="models.autoports.meta_models_muse_glimmer_30b.tests.test_multichip_decoder" name="test_replicas_are_bit_identical[sliding]" time="0.281"><properties><property name="start_timestamp" value="2026-09-22T13:59:13" /><property name="end_timestamp" value="2026-09-22T13:59:13" /></properties></testcase><testcase classname="models.autoports.meta_models_muse_glimmer_30b.tests.test_multichip_decoder" name="test_replicas_are_bit_identical[full]" time="0.274"><properties><property name="start_timestamp" value="2026-09-22T13:59:13" /><property name="end_timestamp" value="2026-09-22T13:59:13" /></properties></testcase><testcase classname="models.autoports.meta_models_muse_glimmer_30b.tests.test_multichip_decoder" name="test_kv_cache_holds_the_expected_head[sliding]" time="1.997"><properties><property name="start_timestamp" value="2026-09-22T13:59:13" /><property name="end_timestamp" value="2026-09-22T13:59:15" /></properties></testcase><testcase classname="models.autoports.meta_models_muse_glimmer_30b.tests.test_multichip_decoder" name="test_kv_cache_holds_the_expected_head[full]" time="1.975"><properties><property name="start_timestamp" value="2026-09-22T13:59:15" /><property name="end_timestamp" value="2026-09-22T13:59:17" /></properties></testcase><testcase classname="models.autoports.meta_models_muse_glimmer_30b.tests.test_multichip_decoder" name="test_geometry_table_is_legal" time="0.198"><properties><property name="start_timestamp" value="2026-09-22T13:59:17" /><property name="end_timestamp" value="2026-09-22T13:59:17" /></properties></testcase><testcase classname="models.autoports.meta_models_muse_glimmer_30b.tests.test_multichip_decoder" name="test_decode_ccl_dtype_override[sliding]" time="5.791"><properties><property name="start_timestamp" value="2026-09-22T13:59:17" /><property name="end_timestamp" value="2026-09-22T13:59:23" /></properties></testcase><testcase classname="models.autoports.meta_models_muse_glimmer_30b.tests.test_multichip_decoder" name="test_decode_ccl_dtype_override[full]" time="5.418"><properties><property name="start_timestamp" value="2026-09-22T13:59:23" /><property name="end_timestamp" value="2026-09-22T13:59:29" /></properties></testcase><testcase classname="models.autoports.meta_models_muse_glimmer_30b.tests.test_multichip_decoder" name="test_ccl_mode_override[all_reduce]" time="9.520"><properties><property name="start_timestamp" value="2026-09-22T13:59:29" /><property name="end_timestamp" value="2026-09-22T13:59:38" /></properties></testcase><testcase classname="models.autoports.meta_models_muse_glimmer_30b.tests.test_multichip_decoder" name="test_ccl_mode_override[rs_ag]" time="5.186"><properties><property name="start_timestamp" value="2026-09-22T13:59:38" /><property name="end_timestamp" value="2026-09-22T13:59:43" /></properties></testcase></testsuite></testsuites>
