<?xml version="1.0" encoding="utf-8"?><testsuites name="pytest tests"><testsuite name="pytest" errors="0" failures="0" skipped="0" tests="4" time="34.892" timestamp="2026-09-22T13:59:48.918292-04:00" hostname="tt-quietbox"><testcase classname="models.autoports.meta_models_muse_glimmer_30b.tests.test_multichip_vs_single_chip" name="test_multichip_matches_single_chip[2049-1-sliding]" time="8.903"><properties><property name="start_timestamp" value="2026-09-22T13:59:49" /><property name="end_timestamp" value="2026-09-22T13:59:58" /></properties></testcase><testcase classname="models.autoports.meta_models_muse_glimmer_30b.tests.test_multichip_vs_single_chip" name="test_multichip_matches_single_chip[2049-1-full]" time="6.900"><properties><property name="start_timestamp" value="2026-09-22T13:59:58" /><property name="end_timestamp" value="2026-09-22T14:00:05" /></properties></testcase><testcase classname="models.autoports.meta_models_muse_glimmer_30b.tests.test_multichip_vs_single_chip" name="test_multichip_matches_single_chip[12345-4-sliding]" time="9.247"><properties><property name="start_timestamp" value="2026-09-22T14:00:05" /><property name="end_timestamp" value="2026-09-22T14:00:14" /></properties></testcase><testcase classname="models.autoports.meta_models_muse_glimmer_30b.tests.test_multichip_vs_single_chip" name="test_multichip_matches_single_chip[12345-4-full]" time="8.872"><properties><property name="start_timestamp" value="2026-09-22T14:00:14" /><property name="end_timestamp" value="2026-09-22T14:00:23" /></properties></testcase></testsuite></testsuites>
