<?xml version="1.0" encoding="utf-8"?><testsuites name="pytest tests"><testsuite name="pytest" errors="0" failures="0" skipped="0" tests="11" time="306.161" timestamp="2026-08-20T02:40:32.413993-04:00" hostname="tt-quietbox"><testcase classname="models.autoports.qwen_qwen3_6_27b.tests.test_optimized_decoder" name="test_optimized_runtime_has_no_host_or_layout_fallbacks" time="0.150"><properties><property name="start_timestamp" value="2026-08-20T02:40:33" /><property name="end_timestamp" value="2026-08-20T02:40:33" /></properties></testcase><testcase classname="models.autoports.qwen_qwen3_6_27b.tests.test_optimized_decoder" name="test_optimized_linear_attention_non_aligned_prefill_decode[blackhole-device_params0-1]" time="49.826"><properties><property name="start_timestamp" value="2026-08-20T02:40:33" /><property name="end_timestamp" value="2026-08-20T02:41:23" /></properties></testcase><testcase classname="models.autoports.qwen_qwen3_6_27b.tests.test_optimized_decoder" name="test_optimized_full_attention_non_aligned_prefill_decode[blackhole-device_params0-1]" time="21.196"><properties><property name="start_timestamp" value="2026-08-20T02:41:23" /><property name="end_timestamp" value="2026-08-20T02:41:44" /></properties></testcase><testcase classname="models.autoports.qwen_qwen3_6_27b.tests.test_optimized_decoder" name="test_optimized_full_attention_paged_decode_trace[blackhole-device_params0-1]" time="13.891"><properties><property name="start_timestamp" value="2026-08-20T02:41:44" /><property name="end_timestamp" value="2026-08-20T02:41:58" /></properties></testcase><testcase classname="models.autoports.qwen_qwen3_6_27b.tests.test_optimized_decoder" name="test_optimized_full_attention_forced_chunked_prefill[blackhole-device_params0-1]" time="16.119"><properties><property name="start_timestamp" value="2026-08-20T02:41:58" /><property name="end_timestamp" value="2026-08-20T02:42:14" /></properties></testcase><testcase classname="models.autoports.qwen_qwen3_6_27b.tests.test_optimized_decoder" name="test_optimized_real_weight_batch32_prefill_decode[blackhole-device_params0-1-linear_attention]" time="16.218"><properties><property name="start_timestamp" value="2026-08-20T02:42:14" /><property name="end_timestamp" value="2026-08-20T02:42:30" /></properties></testcase><testcase classname="models.autoports.qwen_qwen3_6_27b.tests.test_optimized_decoder" name="test_optimized_full_attention_native_context_decode[blackhole-device_params0-1]" time="14.796"><properties><property name="start_timestamp" value="2026-08-20T02:42:30" /><property name="end_timestamp" value="2026-08-20T02:42:45" /></properties></testcase><testcase classname="models.autoports.qwen_qwen3_6_27b.tests.test_optimized_decoder" name="test_optimized_full_attention_advertised_context_prefill[blackhole-device_params0-1-non_aligned_long]" time="22.057"><properties><property name="start_timestamp" value="2026-08-20T02:42:45" /><property name="end_timestamp" value="2026-08-20T02:43:07" /></properties></testcase><testcase classname="models.autoports.qwen_qwen3_6_27b.tests.test_optimized_decoder" name="test_optimized_linear_attention_native_context[blackhole-device_params0-1]" time="78.005"><properties><property name="start_timestamp" value="2026-08-20T02:43:07" /><property name="end_timestamp" value="2026-08-20T02:44:25" /></properties></testcase><testcase classname="models.autoports.qwen_qwen3_6_27b.tests.test_optimized_decoder" name="test_optimized_real_weight_batch32_prefill_decode[blackhole-device_params0-1-full_attention]" time="12.031"><properties><property name="start_timestamp" value="2026-08-20T02:44:25" /><property name="end_timestamp" value="2026-08-20T02:44:37" /></properties></testcase><testcase classname="models.autoports.qwen_qwen3_6_27b.tests.test_optimized_decoder" name="test_optimized_full_attention_advertised_context_prefill[blackhole-device_params0-1-native_max]" time="60.751"><properties><property name="start_timestamp" value="2026-08-20T02:44:37" /><property name="end_timestamp" value="2026-08-20T02:45:38" /></properties></testcase></testsuite></testsuites>