<?xml version="1.0" encoding="utf-8"?><testsuites name="pytest tests"><testsuite name="pytest" errors="0" failures="0" skipped="0" tests="1" time="9.270" timestamp="2026-09-06T01:26:27.386113+00:00" hostname="qb2-120-p11t02"><testcase classname="models.autoports.google_gemma_4_26b_a4b_it.tests.test_multichip_decoder" name="test_required_profile_perf_profile[blackhole-sliding_attention-p150x2_tp2-mesh_device0-device_params0]" time="8.390"><properties><property name="start_timestamp" value="2026-09-06T01:26:28" /><property name="end_timestamp" value="2026-09-06T01:26:36" /></properties></testcase></testsuite></testsuites>
