<?xml version="1.0" encoding="utf-8"?><testsuites name="pytest tests"><testsuite name="pytest" errors="0" failures="0" skipped="0" tests="2" time="16.935" timestamp="2026-09-05T22:41:26.259769+00:00" hostname="qb2-120-p11t02"><testcase classname="models.autoports.google_gemma_4_26b_a4b_it.tests.test_multichip_decoder" name="test_p150x2_proxy_real_weights_prefill_decode[blackhole-sliding_attention-mesh_device0-device_params0]" time="8.490"><properties><property name="start_timestamp" value="2026-09-05T22:41:27" /><property name="end_timestamp" value="2026-09-05T22:41:35" /></properties></testcase><testcase classname="models.autoports.google_gemma_4_26b_a4b_it.tests.test_multichip_decoder" name="test_p150x2_proxy_real_weights_prefill_decode[blackhole-full_attention-mesh_device0-device_params0]" time="7.569"><properties><property name="start_timestamp" value="2026-09-05T22:41:35" /><property name="end_timestamp" value="2026-09-05T22:41:43" /></properties></testcase></testsuite></testsuites>
