<?xml version="1.0" encoding="utf-8"?><testsuites name="pytest tests"><testsuite name="pytest" errors="0" failures="0" skipped="0" tests="1" time="48.879" timestamp="2026-08-20T00:20:04.639180-04:00" hostname="tt-quietbox"><testcase classname="models.autoports.qwen_qwen3_6_27b.tests.test_optimized_decoder" name="test_optimized_linear_attention_non_aligned_prefill_decode[blackhole-device_params0-1]" time="47.755"><properties><property name="start_timestamp" value="2026-08-20T00:20:05" /><property name="end_timestamp" value="2026-08-20T00:20:53" /></properties></testcase></testsuite></testsuites>