<?xml version="1.0" encoding="utf-8"?><testsuites name="pytest tests"><testsuite name="pytest" errors="0" failures="0" skipped="0" tests="1" time="72.306" timestamp="2026-09-06T12:12:32.944608+00:00" hostname="qb2-120-p11t02"><testcase classname="models.autoports.google_gemma_4_26b_a4b_it.tests.test_full_model_contract" name="test_reduced_real_weight_full_model_probe[blackhole-p150x4]" time="71.691"><properties><property name="start_timestamp" value="2026-09-06T12:12:33" /><property name="end_timestamp" value="2026-09-06T12:13:45" /></properties></testcase></testsuite></testsuites>
