<?xml version="1.0" encoding="utf-8"?><testsuites name="pytest tests"><testsuite name="pytest" errors="0" failures="0" skipped="0" tests="1" time="11.356" timestamp="2026-08-20T00:01:40.374043-04:00" hostname="tt-quietbox"><testcase classname="models.autoports.qwen_qwen3_6_27b.tests.test_optimized_decoder" name="test_optimized_real_weight_batch32_prefill_decode[blackhole-device_params0-1-full_attention]" time="10.239"><properties><property name="start_timestamp" value="2026-08-20T00:01:41" /><property name="end_timestamp" value="2026-08-20T00:01:51" /></properties></testcase></testsuite></testsuites>