<?xml version="1.0" encoding="utf-8"?><testsuites name="pytest tests"><testsuite name="pytest" errors="0" failures="0" skipped="0" tests="1" time="470.793" timestamp="2026-08-20T13:51:38.097902-04:00" hostname="tt-quietbox"><testcase classname="models.autoports.qwen_qwen3_6_27b.tests.test_full_model" name="test_reduced_token_out_latency_breakdown[blackhole-device_params0-4]" time="469.610"><properties><property name="start_timestamp" value="2026-08-20T13:51:39" /><property name="end_timestamp" value="2026-08-20T13:59:28" /></properties></testcase></testsuite></testsuites>