<?xml version="1.0" encoding="utf-8"?><testsuites name="pytest tests"><testsuite name="pytest" errors="0" failures="0" skipped="0" tests="1" time="49.909" timestamp="2026-08-20T11:14:46.708324-04:00" hostname="tt-quietbox"><testcase classname="models.autoports.qwen_qwen3_6_27b.tests.test_full_model" name="test_reduced_full_model_max_context_decode[blackhole-device_params0-4]" time="48.717"><properties><property name="start_timestamp" value="2026-08-20T11:14:47" /><property name="end_timestamp" value="2026-08-20T11:15:36" /></properties></testcase></testsuite></testsuites>