<?xml version="1.0" encoding="utf-8"?><testsuites name="pytest tests"><testsuite name="pytest" errors="0" failures="0" skipped="0" tests="1" time="130.638" timestamp="2026-08-20T10:03:56.385514-04:00" hostname="tt-quietbox"><testcase classname="models.autoports.qwen_qwen3_6_27b.tests.test_full_model" name="test_reduced_full_model_prefill_decode_and_split_trace[blackhole-device_params0-4]" time="129.444"><properties><property name="start_timestamp" value="2026-08-20T10:03:57" /><property name="end_timestamp" value="2026-08-20T10:06:07" /></properties></testcase></testsuite></testsuites>